Processing video No. 1: videos/test/ocw_11165_lecture04_2022sep16_360p_16_9.mp4
Processing video No. 1: videos/test/ocw_11165_lecture04_2022sep16_360p_16_9.mp4
Processing video No. 1: videos/test/ocw_11165_lecture03_2022sep14_360p_16_9.mp4
Processing video No. 1: videos/test/lec03.mp4
Processing video No. 1: videos/test/lec03.mp4
Processing video No. 1: videos/test/lec03.mp4
Pair: [27 29]
0:Hard transition, 1:grad transition, 2:slide, 3:video: [0 0 0]
0:Transition, 1:slide, 2:video: [0 0 0]
Pair: [48 49]
0:Hard transition, 1:grad transition, 2:slide, 3:video: [0]
0:Transition, 1:slide, 2:video: [0]
Pair: [69 72]
0:Hard transition, 1:grad transition, 2:slide, 3:video: [0 0 0]
0:Transition, 1:slide, 2:video: [0 2 0]
Pair: [88 89]
0:Hard transition, 1:grad transition, 2:slide, 3:video: [0]
0:Transition, 1:slide, 2:video: [0]
Pair: [109 113]
0:Hard transition, 1:grad transition, 2:slide, 3:video: [3 0 3]
0:Transition, 1:slide, 2:video: [2 0 2]
Pair: [160 161]
0:Hard transition, 1:grad transition, 2:slide, 3:video: [0]
0:Transition, 1:slide, 2:video: [0]
Pair: [275 279]
0:Hard transition, 1:grad transition, 2:slide, 3:video: [3 0 3]
0:Transition, 1:slide, 2:video: [2 0 2]
Pair: [306 307]
0:Hard transition, 1:grad transition, 2:slide, 3:video: [0]
0:Transition, 1:slide, 2:video: [0]
Pair: [359 362]
0:Hard transition, 1:grad transition, 2:slide, 3:video: [0 3 0]
0:Transition, 1:slide, 2:video: [0 2 0]
Pair: [624 625]
0:Hard transition, 1:grad transition, 2:slide, 3:video: [2]
0:Transition, 1:slide, 2:video: [2]
Pair: [24 25]
0:Hard transition, 1:grad transition, 2:slide, 3:video: [0]
0:Transition, 1:slide, 2:video: [0]
Pair: [55 57]
0:Hard transition, 1:grad transition, 2:slide, 3:video: [3 0 3]
0:Transition, 1:slide, 2:video: [2 0 2]
Pair: [138 140]
0:Hard transition, 1:grad transition, 2:slide, 3:video: [3 0 3]
0:Transition, 1:slide, 2:video: [2 0 2]
Pair: [180 182]
0:Hard transition, 1:grad transition, 2:slide, 3:video: [0 0 0]
0:Transition, 1:slide, 2:video: [0 0 0]
Pair: [25 27]
0:Hard transition, 1:grad transition, 2:slide, 3:video: [0 0 0]
0:Transition, 1:slide, 2:video: [0 0 0]
Pair: [71 83]
0:Hard transition, 1:grad transition, 2:slide, 3:video: [0 3 3 0]
0:Transition, 1:slide, 2:video: [0 2 2 0]
Pair: [124 125]
0:Hard transition, 1:grad transition, 2:slide, 3:video: [0]
0:Transition, 1:slide, 2:video: [0]
Pair: [136 137]
0:Hard transition, 1:grad transition, 2:slide, 3:video: [0]
0:Transition, 1:slide, 2:video: [0]
Pair: [159 160]
0:Hard transition, 1:grad transition, 2:slide, 3:video: [0]
0:Transition, 1:slide, 2:video: [0]
Pair: [191 192]
0:Hard transition, 1:grad transition, 2:slide, 3:video: [0]
0:Transition, 1:slide, 2:video: [0]
Pair: [219 220]
0:Hard transition, 1:grad transition, 2:slide, 3:video: [0]
0:Transition, 1:slide, 2:video: [0]
Pair: [259 260]
0:Hard transition, 1:grad transition, 2:slide, 3:video: [0]
0:Transition, 1:slide, 2:video: [0]
Pair: [379 380]
0:Hard transition, 1:grad transition, 2:slide, 3:video: [0]
0:Transition, 1:slide, 2:video: [0]
Pair: [413 414]
0:Hard transition, 1:grad transition, 2:slide, 3:video: [0]
0:Transition, 1:slide, 2:video: [0]
Pair: [489 490]
0:Hard transition, 1:grad transition, 2:slide, 3:video: [0]
0:Transition, 1:slide, 2:video: [0]
Pair: [504 505]
0:Hard transition, 1:grad transition, 2:slide, 3:video: [0]
0:Transition, 1:slide, 2:video: [0]
Pair: [644 657]
0:Hard transition, 1:grad transition, 2:slide, 3:video: [0 3 0 3]
0:Transition, 1:slide, 2:video: [0 2 2 2]
Pair: [671 682]
0:Hard transition, 1:grad transition, 2:slide, 3:video: [0 3]
0:Transition, 1:slide, 2:video: [0 2]
Pair: [20 22]
0:Hard transition, 1:grad transition, 2:slide, 3:video: [0 0 0]
0:Transition, 1:slide, 2:video: [0 0 0]
Pair: [47 48]
0:Hard transition, 1:grad transition, 2:slide, 3:video: [0]
0:Transition, 1:slide, 2:video: [0]
Pair: [60 61]
0:Hard transition, 1:grad transition, 2:slide, 3:video: [0]
0:Transition, 1:slide, 2:video: [0]
Pair: [69 70]
0:Hard transition, 1:grad transition, 2:slide, 3:video: [0]
0:Transition, 1:slide, 2:video: [2]
Pair: [149 160]
0:Hard transition, 1:grad transition, 2:slide, 3:video: [0 2 0]
0:Transition, 1:slide, 2:video: [0 2 0]
Pair: [177 178]
0:Hard transition, 1:grad transition, 2:slide, 3:video: [0]
0:Transition, 1:slide, 2:video: [0]
Pair: [189 191]
0:Hard transition, 1:grad transition, 2:slide, 3:video: [0 0 1]
0:Transition, 1:slide, 2:video: [2 0 2]
Pair: [226 227]
0:Hard transition, 1:grad transition, 2:slide, 3:video: [0]
0:Transition, 1:slide, 2:video: [0]
Pair: [284 285]
0:Hard transition, 1:grad transition, 2:slide, 3:video: [0]
0:Transition, 1:slide, 2:video: [0]
Pair: [311 312]
0:Hard transition, 1:grad transition, 2:slide, 3:video: [0]
0:Transition, 1:slide, 2:video: [0]
Pair: [334 335]
0:Hard transition, 1:grad transition, 2:slide, 3:video: [0]
0:Transition, 1:slide, 2:video: [0]
Pair: [14 15]
0:Hard transition, 1:grad transition, 2:slide, 3:video: [0]
0:Transition, 1:slide, 2:video: [0]
Pair: [24 37]
0:Hard transition, 1:grad transition, 2:slide, 3:video: [0 2 3 0]
0:Transition, 1:slide, 2:video: [0 2 2 0]
Pair: [44 57]
0:Hard transition, 1:grad transition, 2:slide, 3:video: [0 2 3 3]
0:Transition, 1:slide, 2:video: [0 2 0 2]
Pair: [80 81]
0:Hard transition, 1:grad transition, 2:slide, 3:video: [0]
0:Transition, 1:slide, 2:video: [0]
Pair: [138 140]
0:Hard transition, 1:grad transition, 2:slide, 3:video: [3 0 3]
0:Transition, 1:slide, 2:video: [2 0 2]
Pair: [153 154]
0:Hard transition, 1:grad transition, 2:slide, 3:video: [0]
0:Transition, 1:slide, 2:video: [0]
Pair: [180 182]
0:Hard transition, 1:grad transition, 2:slide, 3:video: [0 0 0]
0:Transition, 1:slide, 2:video: [0 0 0]
Pair: [14 15]
0:Hard transition, 1:grad transition, 2:slide, 3:video: [0]
0:Transition, 1:slide, 2:video: [0]
Pair: [24 37]
0:Hard transition, 1:grad transition, 2:slide, 3:video: [0 2 3 0]
0:Transition, 1:slide, 2:video: [0 2 2 0]
Pair: [44 57]
0:Hard transition, 1:grad transition, 2:slide, 3:video: [0 2 3 3]
0:Transition, 1:slide, 2:video: [0 2 0 2]
Pair: [80 81]
0:Hard transition, 1:grad transition, 2:slide, 3:video: [0]
0:Transition, 1:slide, 2:video: [0]
Pair: [138 140]
0:Hard transition, 1:grad transition, 2:slide, 3:video: [3 0 3]
0:Transition, 1:slide, 2:video: [2 0 2]
Pair: [153 154]
0:Hard transition, 1:grad transition, 2:slide, 3:video: [0]
0:Transition, 1:slide, 2:video: [0]
Pair: [180 182]
0:Hard transition, 1:grad transition, 2:slide, 3:video: [0 0 0]
0:Transition, 1:slide, 2:video: [0 0 0]
Pair: [486 487]
0:Hard transition, 1:grad transition, 2:slide, 3:video: [0]
0:Transition, 1:slide, 2:video: [0]
Pair: [503 505]
0:Hard transition, 1:grad transition, 2:slide, 3:video: [0 0 0]
0:Transition, 1:slide, 2:video: [0 0 0]
Pair: [530 531]
0:Hard transition, 1:grad transition, 2:slide, 3:video: [0]
0:Transition, 1:slide, 2:video: [0]
Pair: [543 544]
0:Hard transition, 1:grad transition, 2:slide, 3:video: [0]
0:Transition, 1:slide, 2:video: [0]
Pair: [552 553]
0:Hard transition, 1:grad transition, 2:slide, 3:video: [0]
0:Transition, 1:slide, 2:video: [2]
Pair: [632 643]
0:Hard transition, 1:grad transition, 2:slide, 3:video: [0 2 0]
0:Transition, 1:slide, 2:video: [0 2 0]
Pair: [660 661]
0:Hard transition, 1:grad transition, 2:slide, 3:video: [0]
0:Transition, 1:slide, 2:video: [0]
Pair: [672 674]
0:Hard transition, 1:grad transition, 2:slide, 3:video: [0 0 1]
0:Transition, 1:slide, 2:video: [2 0 2]
Pair: [710 711]
0:Hard transition, 1:grad transition, 2:slide, 3:video: [0]
0:Transition, 1:slide, 2:video: [0]
Pair: [768 769]
0:Hard transition, 1:grad transition, 2:slide, 3:video: [0]
0:Transition, 1:slide, 2:video: [0]
Pair: [794 795]
0:Hard transition, 1:grad transition, 2:slide, 3:video: [0]
0:Transition, 1:slide, 2:video: [0]
Pair: [817 818]
0:Hard transition, 1:grad transition, 2:slide, 3:video: [0]
0:Transition, 1:slide, 2:video: [0]
Pair: [841 854]
0:Hard transition, 1:grad transition, 2:slide, 3:video: [0 2 3 0]
0:Transition, 1:slide, 2:video: [0 2 2 0]
Pair: [887 888]
0:Hard transition, 1:grad transition, 2:slide, 3:video: [0]
0:Transition, 1:slide, 2:video: [0]
Pair: [912 913]
0:Hard transition, 1:grad transition, 2:slide, 3:video: [0]
0:Transition, 1:slide, 2:video: [0]
Pair: [958 970]
0:Hard transition, 1:grad transition, 2:slide, 3:video: [0 3 3 0]
0:Transition, 1:slide, 2:video: [0 2 2 0]
Pair: [1011 1023]
0:Hard transition, 1:grad transition, 2:slide, 3:video: [0 3 1 0]
0:Transition, 1:slide, 2:video: [0 2 2 0]
Pair: [1046 1047]
0:Hard transition, 1:grad transition, 2:slide, 3:video: [0]
0:Transition, 1:slide, 2:video: [0]
Pair: [1078 1079]
0:Hard transition, 1:grad transition, 2:slide, 3:video: [0]
0:Transition, 1:slide, 2:video: [0]
Pair: [1106 1107]
0:Hard transition, 1:grad transition, 2:slide, 3:video: [0]
0:Transition, 1:slide, 2:video: [0]
Pair: [1145 1146]
0:Hard transition, 1:grad transition, 2:slide, 3:video: [0]
0:Transition, 1:slide, 2:video: [0]
Pair: [1265 1266]
0:Hard transition, 1:grad transition, 2:slide, 3:video: [0]
0:Transition, 1:slide, 2:video: [0]
Pair: [1299 1300]
0:Hard transition, 1:grad transition, 2:slide, 3:video: [0]
0:Transition, 1:slide, 2:video: [0]
Pair: [1376 1377]
0:Hard transition, 1:grad transition, 2:slide, 3:video: [0]
0:Transition, 1:slide, 2:video: [0]
Pair: [1390 1391]
0:Hard transition, 1:grad transition, 2:slide, 3:video: [0]
0:Transition, 1:slide, 2:video: [0]
Pair: [1531 1543]
0:Hard transition, 1:grad transition, 2:slide, 3:video: [0 3 0 0]
0:Transition, 1:slide, 2:video: [0 2 2 2]
Pair: [1557 1569]
0:Hard transition, 1:grad transition, 2:slide, 3:video: [0 2 0 1]
0:Transition, 1:slide, 2:video: [0 2 2 2]
Pair: [25 26]
0:Hard transition, 1:grad transition, 2:slide, 3:video: [0]
0:Transition, 1:slide, 2:video: [2]
Pair: [29 30]
0:Hard transition, 1:grad transition, 2:slide, 3:video: [0]
0:Transition, 1:slide, 2:video: [0]
Pair: [60 63]
0:Hard transition, 1:grad transition, 2:slide, 3:video: [0 0 3]
0:Transition, 1:slide, 2:video: [2 2 2]
Pair: [75 87]
0:Hard transition, 1:grad transition, 2:slide, 3:video: [0 3 3 0]
0:Transition, 1:slide, 2:video: [0 2 2 2]
Pair: [98 99]
0:Hard transition, 1:grad transition, 2:slide, 3:video: [0]
0:Transition, 1:slide, 2:video: [0]
Pair: [121 122]
0:Hard transition, 1:grad transition, 2:slide, 3:video: [0]
0:Transition, 1:slide, 2:video: [2]
Pair: [146 147]
0:Hard transition, 1:grad transition, 2:slide, 3:video: [0]
0:Transition, 1:slide, 2:video: [0]
Pair: [164 165]
0:Hard transition, 1:grad transition, 2:slide, 3:video: [0]
0:Transition, 1:slide, 2:video: [2]
Pair: [203 204]
0:Hard transition, 1:grad transition, 2:slide, 3:video: [0]
0:Transition, 1:slide, 2:video: [0]
Pair: [217 218]
0:Hard transition, 1:grad transition, 2:slide, 3:video: [0]
0:Transition, 1:slide, 2:video: [2]
Pair: [230 231]
0:Hard transition, 1:grad transition, 2:slide, 3:video: [0]
0:Transition, 1:slide, 2:video: [0]
Pair: [250 251]
0:Hard transition, 1:grad transition, 2:slide, 3:video: [0]
0:Transition, 1:slide, 2:video: [2]
Pair: [278 284]
0:Hard transition, 1:grad transition, 2:slide, 3:video: [0 0 0]
0:Transition, 1:slide, 2:video: [2 0 2]
Pair: [291 292]
0:Hard transition, 1:grad transition, 2:slide, 3:video: [0]
0:Transition, 1:slide, 2:video: [0]
Pair: [310 311]
0:Hard transition, 1:grad transition, 2:slide, 3:video: [0]
0:Transition, 1:slide, 2:video: [2]
Pair: [324 325]
0:Hard transition, 1:grad transition, 2:slide, 3:video: [0]
0:Transition, 1:slide, 2:video: [2]
Pair: [330 337]
0:Hard transition, 1:grad transition, 2:slide, 3:video: [3 0 0]
0:Transition, 1:slide, 2:video: [2 0 2]
Pair: [340 351]
0:Hard transition, 1:grad transition, 2:slide, 3:video: [0 3 0]
0:Transition, 1:slide, 2:video: [0 2 2]
Pair: [364 374]
0:Hard transition, 1:grad transition, 2:slide, 3:video: [0 3 0]
0:Transition, 1:slide, 2:video: [0 2 0]
Pair: [432 438]
0:Hard transition, 1:grad transition, 2:slide, 3:video: [0 0 0]
0:Transition, 1:slide, 2:video: [2 0 2]
Pair: [461 462]
0:Hard transition, 1:grad transition, 2:slide, 3:video: [0]
0:Transition, 1:slide, 2:video: [0]
Pair: [490 491]
0:Hard transition, 1:grad transition, 2:slide, 3:video: [0]
0:Transition, 1:slide, 2:video: [2]
Pair: [506 513]
0:Hard transition, 1:grad transition, 2:slide, 3:video: [3 0 0]
0:Transition, 1:slide, 2:video: [2 0 0]
Pair: [526 534]
0:Hard transition, 1:grad transition, 2:slide, 3:video: [3 0 0]
0:Transition, 1:slide, 2:video: [2 0 0]
Pair: [578 579]
0:Hard transition, 1:grad transition, 2:slide, 3:video: [0]
0:Transition, 1:slide, 2:video: [0]
Pair: [591 593]
0:Hard transition, 1:grad transition, 2:slide, 3:video: [0 0 0]
0:Transition, 1:slide, 2:video: [2 2 2]
Pair: [689 697]
0:Hard transition, 1:grad transition, 2:slide, 3:video: [3 0 0]
0:Transition, 1:slide, 2:video: [2 0 0]
Pair: [803 814]
0:Hard transition, 1:grad transition, 2:slide, 3:video: [0 3 0]
0:Transition, 1:slide, 2:video: [0 2 2]
Pair: [845 856]
0:Hard transition, 1:grad transition, 2:slide, 3:video: [0 3 0]
0:Transition, 1:slide, 2:video: [0 2 2]
Pair: [885 886]
0:Hard transition, 1:grad transition, 2:slide, 3:video: [2]
0:Transition, 1:slide, 2:video: [2]
Pair: [889 890]
0:Hard transition, 1:grad transition, 2:slide, 3:video: [2]
0:Transition, 1:slide, 2:video: [2]
Pair: [936 944]
0:Hard transition, 1:grad transition, 2:slide, 3:video: [3 0 0]
0:Transition, 1:slide, 2:video: [2 0 2]
Pair: [970 983]
0:Hard transition, 1:grad transition, 2:slide, 3:video: [0 3 0 3]
0:Transition, 1:slide, 2:video: [0 2 2 2]
Pair: [1017 1019]
0:Hard transition, 1:grad transition, 2:slide, 3:video: [2 2 2]
0:Transition, 1:slide, 2:video: [2 2 2]
Pair: [1138 1149]
0:Hard transition, 1:grad transition, 2:slide, 3:video: [0 3 0]
0:Transition, 1:slide, 2:video: [0 2 2]
Pair: [1300 1301]
0:Hard transition, 1:grad transition, 2:slide, 3:video: [0]
0:Transition, 1:slide, 2:video: [0]
Pair: [1351 1352]
0:Hard transition, 1:grad transition, 2:slide, 3:video: [0]
0:Transition, 1:slide, 2:video: [2]
Pair: [1369 1370]
0:Hard transition, 1:grad transition, 2:slide, 3:video: [0]
0:Transition, 1:slide, 2:video: [0]
Pair: [1384 1385]
0:Hard transition, 1:grad transition, 2:slide, 3:video: [0]
0:Transition, 1:slide, 2:video: [2]
Pair: [1442 1443]
0:Hard transition, 1:grad transition, 2:slide, 3:video: [0]
0:Transition, 1:slide, 2:video: [0]
Pair: [1469 1470]
0:Hard transition, 1:grad transition, 2:slide, 3:video: [0]
0:Transition, 1:slide, 2:video: [2]
Pair: [1546 1554]
0:Hard transition, 1:grad transition, 2:slide, 3:video: [0 0 3]
0:Transition, 1:slide, 2:video: [2 0 2]
Pair: [1614 1615]
0:Hard transition, 1:grad transition, 2:slide, 3:video: [0]
0:Transition, 1:slide, 2:video: [0]
Pair: [1631 1633]
0:Hard transition, 1:grad transition, 2:slide, 3:video: [0 0 0]
0:Transition, 1:slide, 2:video: [2 2 2]
Pair: [1650 1651]
0:Hard transition, 1:grad transition, 2:slide, 3:video: [0]
0:Transition, 1:slide, 2:video: [0]
Pair: [1664 1665]
0:Hard transition, 1:grad transition, 2:slide, 3:video: [0]
0:Transition, 1:slide, 2:video: [2]
Pair: [1672 1681]
0:Hard transition, 1:grad transition, 2:slide, 3:video: [0 3 0]
0:Transition, 1:slide, 2:video: [0 2 2]
Pair: [1696 1697]
0:Hard transition, 1:grad transition, 2:slide, 3:video: [0]
0:Transition, 1:slide, 2:video: [0]
Pair: [1731 1732]
0:Hard transition, 1:grad transition, 2:slide, 3:video: [0]
0:Transition, 1:slide, 2:video: [2]
Pair: [2112 2113]
0:Hard transition, 1:grad transition, 2:slide, 3:video: [0]
0:Transition, 1:slide, 2:video: [0]
Pair: [2134 2135]
0:Hard transition, 1:grad transition, 2:slide, 3:video: [0]
0:Transition, 1:slide, 2:video: [0]
Pair: [20 22]
0:Hard transition, 1:grad transition, 2:slide, 3:video: [0 0 0]
0:Transition, 1:slide, 2:video: [0 0 0]
Pair: [47 48]
0:Hard transition, 1:grad transition, 2:slide, 3:video: [0]
0:Transition, 1:slide, 2:video: [0]
Pair: [60 61]
0:Hard transition, 1:grad transition, 2:slide, 3:video: [0]
0:Transition, 1:slide, 2:video: [0]
Pair: [69 70]
0:Hard transition, 1:grad transition, 2:slide, 3:video: [0]
0:Transition, 1:slide, 2:video: [2]
Pair: [149 160]
0:Hard transition, 1:grad transition, 2:slide, 3:video: [0 2 0]
0:Transition, 1:slide, 2:video: [0 2 0]
Pair: [177 178]
0:Hard transition, 1:grad transition, 2:slide, 3:video: [0]
0:Transition, 1:slide, 2:video: [0]
Pair: [189 191]
0:Hard transition, 1:grad transition, 2:slide, 3:video: [0 0 1]
0:Transition, 1:slide, 2:video: [2 0 2]
Pair: [226 227]
0:Hard transition, 1:grad transition, 2:slide, 3:video: [0]
0:Transition, 1:slide, 2:video: [0]
Pair: [284 285]
0:Hard transition, 1:grad transition, 2:slide, 3:video: [0]
0:Transition, 1:slide, 2:video: [0]
Pair: [311 312]
0:Hard transition, 1:grad transition, 2:slide, 3:video: [0]
0:Transition, 1:slide, 2:video: [0]
Pair: [334 335]
0:Hard transition, 1:grad transition, 2:slide, 3:video: [0]
0:Transition, 1:slide, 2:video: [0]
Pair: [20 22]
0:Hard transition, 1:grad transition, 2:slide, 3:video: [0 0 0]
0:Transition, 1:slide, 2:video: [0 0 0]
Pair: [47 48]
0:Hard transition, 1:grad transition, 2:slide, 3:video: [0]
0:Transition, 1:slide, 2:video: [0]
Pair: [60 61]
0:Hard transition, 1:grad transition, 2:slide, 3:video: [0]
0:Transition, 1:slide, 2:video: [0]
Pair: [69 70]
0:Hard transition, 1:grad transition, 2:slide, 3:video: [0]
0:Transition, 1:slide, 2:video: [2]
Pair: [149 160]
0:Hard transition, 1:grad transition, 2:slide, 3:video: [0 2 0]
0:Transition, 1:slide, 2:video: [0 2 0]
Pair: [177 178]
0:Hard transition, 1:grad transition, 2:slide, 3:video: [0]
0:Transition, 1:slide, 2:video: [0]
Pair: [189 191]
0:Hard transition, 1:grad transition, 2:slide, 3:video: [0 0 1]
0:Transition, 1:slide, 2:video: [2 0 2]
Pair: [226 227]
0:Hard transition, 1:grad transition, 2:slide, 3:video: [0]
0:Transition, 1:slide, 2:video: [0]
Pair: [284 285]
0:Hard transition, 1:grad transition, 2:slide, 3:video: [0]
0:Transition, 1:slide, 2:video: [0]
Pair: [311 312]
0:Hard transition, 1:grad transition, 2:slide, 3:video: [0]
0:Transition, 1:slide, 2:video: [0]
Pair: [334 335]
0:Hard transition, 1:grad transition, 2:slide, 3:video: [0]
0:Transition, 1:slide, 2:video: [0]
Pair: [20 22]
0:Hard transition, 1:grad transition, 2:slide, 3:video: [0 0 0]
0:Transition, 1:slide, 2:video: [0 0 0]
Pair: [47 48]
0:Hard transition, 1:grad transition, 2:slide, 3:video: [0]
0:Transition, 1:slide, 2:video: [0]
Pair: [60 61]
0:Hard transition, 1:grad transition, 2:slide, 3:video: [0]
0:Transition, 1:slide, 2:video: [0]
Pair: [69 70]
0:Hard transition, 1:grad transition, 2:slide, 3:video: [0]
0:Transition, 1:slide, 2:video: [2]
Pair: [149 160]
0:Hard transition, 1:grad transition, 2:slide, 3:video: [0 2 0]
0:Transition, 1:slide, 2:video: [0 2 0]
Pair: [177 178]
0:Hard transition, 1:grad transition, 2:slide, 3:video: [0]
0:Transition, 1:slide, 2:video: [0]
Pair: [189 191]
0:Hard transition, 1:grad transition, 2:slide, 3:video: [0 0 1]
0:Transition, 1:slide, 2:video: [2 0 2]
Pair: [226 227]
0:Hard transition, 1:grad transition, 2:slide, 3:video: [0]
0:Transition, 1:slide, 2:video: [0]
Pair: [284 285]
0:Hard transition, 1:grad transition, 2:slide, 3:video: [0]
0:Transition, 1:slide, 2:video: [0]
Pair: [311 312]
0:Hard transition, 1:grad transition, 2:slide, 3:video: [0]
0:Transition, 1:slide, 2:video: [0]
Pair: [334 335]
0:Hard transition, 1:grad transition, 2:slide, 3:video: [0]
0:Transition, 1:slide, 2:video: [0]
Pair: [11 18]
0:Hard transition, 1:grad transition, 2:slide, 3:video: [0 0 0]
0:Transition, 1:slide, 2:video: [0 0 0]
Pair: [23 26]
0:Hard transition, 1:grad transition, 2:slide, 3:video: [0 0 0]
0:Transition, 1:slide, 2:video: [2 2 0]
Pair: [29 31]
0:Hard transition, 1:grad transition, 2:slide, 3:video: [0 0 0]
0:Transition, 1:slide, 2:video: [2 2 2]
Pair: [45 46]
0:Hard transition, 1:grad transition, 2:slide, 3:video: [0]
0:Transition, 1:slide, 2:video: [1]
Pair: [50 52]
0:Hard transition, 1:grad transition, 2:slide, 3:video: [2 2 0]
0:Transition, 1:slide, 2:video: [1 1 1]
Pair: [ 99 103]
0:Hard transition, 1:grad transition, 2:slide, 3:video: [0 0 0]
0:Transition, 1:slide, 2:video: [2 0 0]
Pair: [154 156]
0:Hard transition, 1:grad transition, 2:slide, 3:video: [0 0 0]
0:Transition, 1:slide, 2:video: [0 0 0]
Pair: [13 14]
0:Hard transition, 1:grad transition, 2:slide, 3:video: [0]
0:Transition, 1:slide, 2:video: [0]
Pair: [100 101]
0:Hard transition, 1:grad transition, 2:slide, 3:video: [0]
0:Transition, 1:slide, 2:video: [1]
Pair: [115 116]
0:Hard transition, 1:grad transition, 2:slide, 3:video: [0]
0:Transition, 1:slide, 2:video: [1]
Pair: [491 494]
0:Hard transition, 1:grad transition, 2:slide, 3:video: [0 0 0]
0:Transition, 1:slide, 2:video: [1 1 1]
Pair: [567 580]
0:Hard transition, 1:grad transition, 2:slide, 3:video: [0 0 1 1]
0:Transition, 1:slide, 2:video: [1 2 2 2]
Pair: [666 672]
0:Hard transition, 1:grad transition, 2:slide, 3:video: [1 1 1]
0:Transition, 1:slide, 2:video: [2 2 2]
Pair: [692 693]
0:Hard transition, 1:grad transition, 2:slide, 3:video: [1]
0:Transition, 1:slide, 2:video: [2]
Pair: [770 782]
0:Hard transition, 1:grad transition, 2:slide, 3:video: [1 3 1 1]
0:Transition, 1:slide, 2:video: [2 2 2 2]
Pair: [795 808]
0:Hard transition, 1:grad transition, 2:slide, 3:video: [1 3 3 1]
0:Transition, 1:slide, 2:video: [2 2 2 2]
Pair: [821 822]
0:Hard transition, 1:grad transition, 2:slide, 3:video: [1]
0:Transition, 1:slide, 2:video: [2]
Pair: [977 983]
0:Hard transition, 1:grad transition, 2:slide, 3:video: [1 1 0]
0:Transition, 1:slide, 2:video: [2 2 2]
Pair: [997 998]
0:Hard transition, 1:grad transition, 2:slide, 3:video: [0]
0:Transition, 1:slide, 2:video: [2]
Pair: [1185 1190]
0:Hard transition, 1:grad transition, 2:slide, 3:video: [1 0 0]
0:Transition, 1:slide, 2:video: [2 2 2]
Pair: [1202 1203]
0:Hard transition, 1:grad transition, 2:slide, 3:video: [0]
0:Transition, 1:slide, 2:video: [2]
Pair: [1215 1216]
0:Hard transition, 1:grad transition, 2:slide, 3:video: [0]
0:Transition, 1:slide, 2:video: [2]
Pair: [1228 1229]
0:Hard transition, 1:grad transition, 2:slide, 3:video: [0]
0:Transition, 1:slide, 2:video: [2]
Pair: [1259 1265]
0:Hard transition, 1:grad transition, 2:slide, 3:video: [1 3 1]
0:Transition, 1:slide, 2:video: [2 2 2]
Pair: [1405 1410]
0:Hard transition, 1:grad transition, 2:slide, 3:video: [1 1 1]
0:Transition, 1:slide, 2:video: [2 2 2]
Pair: [1556 1557]
0:Hard transition, 1:grad transition, 2:slide, 3:video: [0]
0:Transition, 1:slide, 2:video: [0]
Pair: [1596 1597]
0:Hard transition, 1:grad transition, 2:slide, 3:video: [2]
0:Transition, 1:slide, 2:video: [2]
Pair: [1684 1691]
0:Hard transition, 1:grad transition, 2:slide, 3:video: [2 2 2]
0:Transition, 1:slide, 2:video: [2 2 2]
Pair: [1730 1731]
0:Hard transition, 1:grad transition, 2:slide, 3:video: [2]
0:Transition, 1:slide, 2:video: [2]
Pair: [1794 1815]
0:Hard transition, 1:grad transition, 2:slide, 3:video: [0 2 2 2 2 2]
0:Transition, 1:slide, 2:video: [2 2 2 2 2 2]
Pair: [2309 2310]
0:Hard transition, 1:grad transition, 2:slide, 3:video: [2]
0:Transition, 1:slide, 2:video: [2]
Pair: [2503 2504]
0:Hard transition, 1:grad transition, 2:slide, 3:video: [2]
0:Transition, 1:slide, 2:video: [2]
Pair: [2539 2540]
0:Hard transition, 1:grad transition, 2:slide, 3:video: [2]
0:Transition, 1:slide, 2:video: [2]
Pair: [2564 2565]
0:Hard transition, 1:grad transition, 2:slide, 3:video: [2]
0:Transition, 1:slide, 2:video: [2]
Pair: [2618 2630]
0:Hard transition, 1:grad transition, 2:slide, 3:video: [2 2 2 2]
0:Transition, 1:slide, 2:video: [2 2 2 2]
Pair: [2668 2689]
0:Hard transition, 1:grad transition, 2:slide, 3:video: [2 2 2 2]
0:Transition, 1:slide, 2:video: [2 2 2 2]
Pair: [2722 2732]
0:Hard transition, 1:grad transition, 2:slide, 3:video: [2 2 2]
0:Transition, 1:slide, 2:video: [2 2 2]
Pair: [2806 2813]
0:Hard transition, 1:grad transition, 2:slide, 3:video: [2 2 2]
0:Transition, 1:slide, 2:video: [2 2 2]
Pair: [2853 2854]
0:Hard transition, 1:grad transition, 2:slide, 3:video: [2]
0:Transition, 1:slide, 2:video: [2]
Pair: [2880 2894]
0:Hard transition, 1:grad transition, 2:slide, 3:video: [2 0 0 2]
0:Transition, 1:slide, 2:video: [2 2 2 2]
Pair: [2991 2992]
0:Hard transition, 1:grad transition, 2:slide, 3:video: [2]
0:Transition, 1:slide, 2:video: [2]
Pair: [3058 3060]
0:Hard transition, 1:grad transition, 2:slide, 3:video: [2 0 2]
0:Transition, 1:slide, 2:video: [2 2 2]
Pair: [3138 3139]
0:Hard transition, 1:grad transition, 2:slide, 3:video: [2]
0:Transition, 1:slide, 2:video: [2]
Pair: [3360 3361]
0:Hard transition, 1:grad transition, 2:slide, 3:video: [0]
0:Transition, 1:slide, 2:video: [0]
Pair: [3446 3447]
0:Hard transition, 1:grad transition, 2:slide, 3:video: [0]
0:Transition, 1:slide, 2:video: [0]
Pair: [3467 3475]
0:Hard transition, 1:grad transition, 2:slide, 3:video: [1 1 1]
0:Transition, 1:slide, 2:video: [2 2 2]
Pair: [3499 3524]
0:Hard transition, 1:grad transition, 2:slide, 3:video: [1 0 0 3 3 3 0]
0:Transition, 1:slide, 2:video: [2 2 2 2 2 2 2]
Pair: [3592 3593]
0:Hard transition, 1:grad transition, 2:slide, 3:video: [0]
0:Transition, 1:slide, 2:video: [0]
Pair: [3641 3642]
0:Hard transition, 1:grad transition, 2:slide, 3:video: [0]
0:Transition, 1:slide, 2:video: [0]
Pair: [3823 3825]
0:Hard transition, 1:grad transition, 2:slide, 3:video: [0 0 0]
0:Transition, 1:slide, 2:video: [2 2 2]
Pair: [3919 3920]
0:Hard transition, 1:grad transition, 2:slide, 3:video: [0]
0:Transition, 1:slide, 2:video: [2]
Pair: [4273 4294]
0:Hard transition, 1:grad transition, 2:slide, 3:video: [2 0 2 2 0 2]
0:Transition, 1:slide, 2:video: [1 1 1 1 1 1]
Pair: [4480 4481]
0:Hard transition, 1:grad transition, 2:slide, 3:video: [2]
0:Transition, 1:slide, 2:video: [1]
Pair: [4516 4524]
0:Hard transition, 1:grad transition, 2:slide, 3:video: [2 0 2]
0:Transition, 1:slide, 2:video: [1 1 1]
Pair: [4918 4929]
0:Hard transition, 1:grad transition, 2:slide, 3:video: [0 2 0]
0:Transition, 1:slide, 2:video: [2 2 2]
Pair: [5053 5054]
0:Hard transition, 1:grad transition, 2:slide, 3:video: [0]
0:Transition, 1:slide, 2:video: [1]
Pair: [5424 5446]
0:Hard transition, 1:grad transition, 2:slide, 3:video: [2 2 2 2 2 2]
0:Transition, 1:slide, 2:video: [1 1 1 1 1 1]
Pair: [5460 5462]
0:Hard transition, 1:grad transition, 2:slide, 3:video: [0 0 0]
0:Transition, 1:slide, 2:video: [1 1 1]
Pair: [5485 5490]
0:Hard transition, 1:grad transition, 2:slide, 3:video: [2 2 2]
0:Transition, 1:slide, 2:video: [1 1 1]
Pair: [5518 5530]
0:Hard transition, 1:grad transition, 2:slide, 3:video: [2]
0:Transition, 1:slide, 2:video: [1]
Pair: [5542 5546]
0:Hard transition, 1:grad transition, 2:slide, 3:video: [2 2 2]
0:Transition, 1:slide, 2:video: [1 1 1]
Pair: [5559 5563]
0:Hard transition, 1:grad transition, 2:slide, 3:video: [2 2 2]
0:Transition, 1:slide, 2:video: [1 1 1]
Pair: [5774 5776]
0:Hard transition, 1:grad transition, 2:slide, 3:video: [2 2 2]
0:Transition, 1:slide, 2:video: [1 1 1]
Pair: [5828 5845]
0:Hard transition, 1:grad transition, 2:slide, 3:video: [0 2 2 2 2]
0:Transition, 1:slide, 2:video: [1 1 1 1 1]
Pair: [5866 5867]
0:Hard transition, 1:grad transition, 2:slide, 3:video: [2]
0:Transition, 1:slide, 2:video: [1]
Pair: [5901 5902]
0:Hard transition, 1:grad transition, 2:slide, 3:video: [2]
0:Transition, 1:slide, 2:video: [1]
Pair: [5914 5915]
0:Hard transition, 1:grad transition, 2:slide, 3:video: [2]
0:Transition, 1:slide, 2:video: [1]
Pair: [5957 5958]
0:Hard transition, 1:grad transition, 2:slide, 3:video: [0]
0:Transition, 1:slide, 2:video: [1]
Pair: [5988 5998]
0:Hard transition, 1:grad transition, 2:slide, 3:video: [2 2 2]
0:Transition, 1:slide, 2:video: [1 1 1]
Pair: [6164 6168]
0:Hard transition, 1:grad transition, 2:slide, 3:video: [2 2 2]
0:Transition, 1:slide, 2:video: [1 1 1]
Pair: [6443 6444]
0:Hard transition, 1:grad transition, 2:slide, 3:video: [2]
0:Transition, 1:slide, 2:video: [1]
Pair: [6477 6479]
0:Hard transition, 1:grad transition, 2:slide, 3:video: [2 2 2]
0:Transition, 1:slide, 2:video: [1 1 1]
Pair: [6544 6558]
0:Hard transition, 1:grad transition, 2:slide, 3:video: [1]
0:Transition, 1:slide, 2:video: [2]
Pair: [6585 6593]
0:Hard transition, 1:grad transition, 2:slide, 3:video: [3 3 0]
0:Transition, 1:slide, 2:video: [2 2 2]
Pair: [6623 6624]
0:Hard transition, 1:grad transition, 2:slide, 3:video: [0]
0:Transition, 1:slide, 2:video: [2]
Pair: [6653 6654]
0:Hard transition, 1:grad transition, 2:slide, 3:video: [0]
0:Transition, 1:slide, 2:video: [2]
Pair: [6683 6684]
0:Hard transition, 1:grad transition, 2:slide, 3:video: [0]
0:Transition, 1:slide, 2:video: [2]
Pair: [6698 6705]
0:Hard transition, 1:grad transition, 2:slide, 3:video: [1 0 3]
0:Transition, 1:slide, 2:video: [2 2 2]
Pair: [6731 6732]
0:Hard transition, 1:grad transition, 2:slide, 3:video: [0]
0:Transition, 1:slide, 2:video: [2]
Pair: [6756 6757]
0:Hard transition, 1:grad transition, 2:slide, 3:video: [0]
0:Transition, 1:slide, 2:video: [2]
Pair: [6783 6788]
0:Hard transition, 1:grad transition, 2:slide, 3:video: [1 0 0]
0:Transition, 1:slide, 2:video: [2 2 2]
Pair: [6834 6835]
0:Hard transition, 1:grad transition, 2:slide, 3:video: [0]
0:Transition, 1:slide, 2:video: [2]
Pair: [7029 7030]
0:Hard transition, 1:grad transition, 2:slide, 3:video: [0]
0:Transition, 1:slide, 2:video: [2]
Pair: [7053 7062]
0:Hard transition, 1:grad transition, 2:slide, 3:video: [0 2 0]
0:Transition, 1:slide, 2:video: [2 2 2]
Pair: [7085 7086]
0:Hard transition, 1:grad transition, 2:slide, 3:video: [0]
0:Transition, 1:slide, 2:video: [0]
Pair: [7108 7109]
0:Hard transition, 1:grad transition, 2:slide, 3:video: [0]
0:Transition, 1:slide, 2:video: [2]
Pair: [7135 7136]
0:Hard transition, 1:grad transition, 2:slide, 3:video: [0]
0:Transition, 1:slide, 2:video: [2]
Pair: [7149 7150]
0:Hard transition, 1:grad transition, 2:slide, 3:video: [1]
0:Transition, 1:slide, 2:video: [2]
Pair: [7207 7208]
0:Hard transition, 1:grad transition, 2:slide, 3:video: [0]
0:Transition, 1:slide, 2:video: [2]
Pair: [7245 7258]
0:Hard transition, 1:grad transition, 2:slide, 3:video: [0 2 2 3]
0:Transition, 1:slide, 2:video: [2 2 2 2]
Pair: [7293 7294]
0:Hard transition, 1:grad transition, 2:slide, 3:video: [0]
0:Transition, 1:slide, 2:video: [2]
Pair: [7330 7336]
0:Hard transition, 1:grad transition, 2:slide, 3:video: [0 0 0]
0:Transition, 1:slide, 2:video: [2 2 2]
Pair: [7357 7358]
0:Hard transition, 1:grad transition, 2:slide, 3:video: [0]
0:Transition, 1:slide, 2:video: [2]
Pair: [7404 7406]
0:Hard transition, 1:grad transition, 2:slide, 3:video: [0 0 0]
0:Transition, 1:slide, 2:video: [2 2 2]
Pair: [7437 7444]
0:Hard transition, 1:grad transition, 2:slide, 3:video: [0 3 0]
0:Transition, 1:slide, 2:video: [2 2 2]
Pair: [7470 7471]
0:Hard transition, 1:grad transition, 2:slide, 3:video: [0]
0:Transition, 1:slide, 2:video: [0]
Pair: [7493 7494]
0:Hard transition, 1:grad transition, 2:slide, 3:video: [0]
0:Transition, 1:slide, 2:video: [2]
Pair: [7545 7557]
0:Hard transition, 1:grad transition, 2:slide, 3:video: [3 3 1 0]
0:Transition, 1:slide, 2:video: [2 2 2 2]
Pair: [7579 7580]
0:Hard transition, 1:grad transition, 2:slide, 3:video: [0]
0:Transition, 1:slide, 2:video: [0]
Pair: [7592 7601]
0:Hard transition, 1:grad transition, 2:slide, 3:video: [0 0 1]
0:Transition, 1:slide, 2:video: [2 2 2]
Pair: [7619 7628]
0:Hard transition, 1:grad transition, 2:slide, 3:video: [0 1 0]
0:Transition, 1:slide, 2:video: [2 2 0]
Pair: [7644 7645]
0:Hard transition, 1:grad transition, 2:slide, 3:video: [0]
0:Transition, 1:slide, 2:video: [2]
Pair: [7699 7700]
0:Hard transition, 1:grad transition, 2:slide, 3:video: [0]
0:Transition, 1:slide, 2:video: [2]
Pair: [7715 7716]
0:Hard transition, 1:grad transition, 2:slide, 3:video: [0]
0:Transition, 1:slide, 2:video: [2]
Pair: [7734 7735]
0:Hard transition, 1:grad transition, 2:slide, 3:video: [0]
0:Transition, 1:slide, 2:video: [0]
Pair: [7786 7787]
0:Hard transition, 1:grad transition, 2:slide, 3:video: [0]
0:Transition, 1:slide, 2:video: [2]
Pair: [7803 7810]
0:Hard transition, 1:grad transition, 2:slide, 3:video: [0 0 0]
0:Transition, 1:slide, 2:video: [2 2 2]
Pair: [7826 7827]
0:Hard transition, 1:grad transition, 2:slide, 3:video: [0]
0:Transition, 1:slide, 2:video: [2]
Pair: [7847 7853]
0:Hard transition, 1:grad transition, 2:slide, 3:video: [0 0 0]
0:Transition, 1:slide, 2:video: [2 2 2]
Pair: [7885 7886]
0:Hard transition, 1:grad transition, 2:slide, 3:video: [0]
0:Transition, 1:slide, 2:video: [2]
Pair: [7915 7916]
0:Hard transition, 1:grad transition, 2:slide, 3:video: [0]
0:Transition, 1:slide, 2:video: [2]
Pair: [7945 7946]
0:Hard transition, 1:grad transition, 2:slide, 3:video: [0]
0:Transition, 1:slide, 2:video: [0]
Pair: [8169 8175]
0:Hard transition, 1:grad transition, 2:slide, 3:video: [0 2 0]
0:Transition, 1:slide, 2:video: [0 1 0]
Pair: [8187 8188]
0:Hard transition, 1:grad transition, 2:slide, 3:video: [0]
0:Transition, 1:slide, 2:video: [2]
Pair: [8212 8213]
0:Hard transition, 1:grad transition, 2:slide, 3:video: [0]
0:Transition, 1:slide, 2:video: [2]
Pair: [8257 8258]
0:Hard transition, 1:grad transition, 2:slide, 3:video: [0]
0:Transition, 1:slide, 2:video: [2]
Pair: [8278 8279]
0:Hard transition, 1:grad transition, 2:slide, 3:video: [0]
0:Transition, 1:slide, 2:video: [2]
Pair: [8316 8317]
0:Hard transition, 1:grad transition, 2:slide, 3:video: [0]
0:Transition, 1:slide, 2:video: [2]
Pair: [8375 8376]
0:Hard transition, 1:grad transition, 2:slide, 3:video: [0]
0:Transition, 1:slide, 2:video: [2]
Pair: [8405 8406]
0:Hard transition, 1:grad transition, 2:slide, 3:video: [0]
0:Transition, 1:slide, 2:video: [2]
Pair: [8458 8469]
0:Hard transition, 1:grad transition, 2:slide, 3:video: [0 2 0]
0:Transition, 1:slide, 2:video: [2 2 2]
Pair: [8489 8490]
0:Hard transition, 1:grad transition, 2:slide, 3:video: [0]
0:Transition, 1:slide, 2:video: [2]
Pair: [8522 8523]
0:Hard transition, 1:grad transition, 2:slide, 3:video: [0]
0:Transition, 1:slide, 2:video: [2]
Pair: [8565 8566]
0:Hard transition, 1:grad transition, 2:slide, 3:video: [0]
0:Transition, 1:slide, 2:video: [2]
Pair: [8590 8591]
0:Hard transition, 1:grad transition, 2:slide, 3:video: [0]
0:Transition, 1:slide, 2:video: [2]
Pair: [8637 8638]
0:Hard transition, 1:grad transition, 2:slide, 3:video: [0]
0:Transition, 1:slide, 2:video: [2]
Pair: [8653 8668]
0:Hard transition, 1:grad transition, 2:slide, 3:video: [0 0 0 3]
0:Transition, 1:slide, 2:video: [2 2 2 2]
Pair: [8698 8699]
0:Hard transition, 1:grad transition, 2:slide, 3:video: [0]
0:Transition, 1:slide, 2:video: [2]
Pair: [8753 8754]
0:Hard transition, 1:grad transition, 2:slide, 3:video: [0]
0:Transition, 1:slide, 2:video: [0]
Pair: [8773 8774]
0:Hard transition, 1:grad transition, 2:slide, 3:video: [0]
0:Transition, 1:slide, 2:video: [2]
Pair: [8792 8813]
0:Hard transition, 1:grad transition, 2:slide, 3:video: [0 0 0 2 2 0]
0:Transition, 1:slide, 2:video: [2 2 2 2 2 2]
Pair: [8826 8827]
0:Hard transition, 1:grad transition, 2:slide, 3:video: [0]
0:Transition, 1:slide, 2:video: [2]
Pair: [8886 8887]
0:Hard transition, 1:grad transition, 2:slide, 3:video: [0]
0:Transition, 1:slide, 2:video: [0]
Pair: [9009 9010]
0:Hard transition, 1:grad transition, 2:slide, 3:video: [0]
0:Transition, 1:slide, 2:video: [2]
Pair: [9061 9069]
0:Hard transition, 1:grad transition, 2:slide, 3:video: [0 3 3]
0:Transition, 1:slide, 2:video: [2 2 2]
Pair: [9151 9154]
0:Hard transition, 1:grad transition, 2:slide, 3:video: [0 0 0]
0:Transition, 1:slide, 2:video: [2 2 2]
Pair: [9194 9195]
0:Hard transition, 1:grad transition, 2:slide, 3:video: [0]
0:Transition, 1:slide, 2:video: [2]
Pair: [9231 9232]
0:Hard transition, 1:grad transition, 2:slide, 3:video: [0]
0:Transition, 1:slide, 2:video: [2]
Pair: [9272 9280]
0:Hard transition, 1:grad transition, 2:slide, 3:video: [1 3 0]
0:Transition, 1:slide, 2:video: [2 2 2]
Pair: [9299 9300]
0:Hard transition, 1:grad transition, 2:slide, 3:video: [0]
0:Transition, 1:slide, 2:video: [2]
Pair: [9334 9335]
0:Hard transition, 1:grad transition, 2:slide, 3:video: [0]
0:Transition, 1:slide, 2:video: [0]
Pair: [9349 9350]
0:Hard transition, 1:grad transition, 2:slide, 3:video: [0]
0:Transition, 1:slide, 2:video: [2]
Pair: [9389 9390]
0:Hard transition, 1:grad transition, 2:slide, 3:video: [0]
0:Transition, 1:slide, 2:video: [2]
Pair: [9407 9416]
0:Hard transition, 1:grad transition, 2:slide, 3:video: [0 2 0]
0:Transition, 1:slide, 2:video: [2 2 2]
Pair: [9430 9431]
0:Hard transition, 1:grad transition, 2:slide, 3:video: [0]
0:Transition, 1:slide, 2:video: [2]
Pair: [9451 9452]
0:Hard transition, 1:grad transition, 2:slide, 3:video: [0]
0:Transition, 1:slide, 2:video: [2]
Pair: [9494 9495]
0:Hard transition, 1:grad transition, 2:slide, 3:video: [0]
0:Transition, 1:slide, 2:video: [0]
Pair: [9507 9508]
0:Hard transition, 1:grad transition, 2:slide, 3:video: [0]
0:Transition, 1:slide, 2:video: [2]
Pair: [9539 9540]
0:Hard transition, 1:grad transition, 2:slide, 3:video: [0]
0:Transition, 1:slide, 2:video: [2]
Pair: [9583 9584]
0:Hard transition, 1:grad transition, 2:slide, 3:video: [0]
0:Transition, 1:slide, 2:video: [2]
Pair: [9614 9615]
0:Hard transition, 1:grad transition, 2:slide, 3:video: [0]
0:Transition, 1:slide, 2:video: [2]
Pair: [9635 9636]
0:Hard transition, 1:grad transition, 2:slide, 3:video: [0]
0:Transition, 1:slide, 2:video: [2]
Pair: [9711 9712]
0:Hard transition, 1:grad transition, 2:slide, 3:video: [0]
0:Transition, 1:slide, 2:video: [2]
Pair: [10188 10189]
0:Hard transition, 1:grad transition, 2:slide, 3:video: [2]
0:Transition, 1:slide, 2:video: [2]
Pair: [10240 10257]
0:Hard transition, 1:grad transition, 2:slide, 3:video: [3 1 0 3 3]
0:Transition, 1:slide, 2:video: [2 2 2 2 2]
Pair: [10275 10276]
0:Hard transition, 1:grad transition, 2:slide, 3:video: [0]
0:Transition, 1:slide, 2:video: [0]
Pair: [10379 10380]
0:Hard transition, 1:grad transition, 2:slide, 3:video: [1]
0:Transition, 1:slide, 2:video: [0]
Results for pair: [14 15]
0:Hard transition, 1:grad transition, 2:slide, 3:video: [array([0])]
0:Transition, 1:slide, 2:video: [array([0])]
Results for pair: [94 98]
0:Hard transition, 1:grad transition, 2:slide, 3:video: [array([2, 2, 2])]
0:Transition, 1:slide, 2:video: [array([2, 2, 2])]
Results for pair: [141 142]
0:Hard transition, 1:grad transition, 2:slide, 3:video: [array([2])]
0:Transition, 1:slide, 2:video: [array([2])]
Results for pair: [170 174]
0:Hard transition, 1:grad transition, 2:slide, 3:video: [array([2, 2, 2])]
0:Transition, 1:slide, 2:video: [array([2, 2, 2])]
Results for pair: [270 288]
0:Hard transition, 1:grad transition, 2:slide, 3:video: [array([2, 2, 2, 2, 2])]
0:Transition, 1:slide, 2:video: [array([2, 2, 2, 2, 2])]
Results for pair: [310 319]
0:Hard transition, 1:grad transition, 2:slide, 3:video: [array([2, 2, 2])]
0:Transition, 1:slide, 2:video: [array([2, 2, 2])]
Results for pair: [331 332]
0:Hard transition, 1:grad transition, 2:slide, 3:video: [array([2])]
0:Transition, 1:slide, 2:video: [array([2])]
Results for pair: [344 345]
0:Hard transition, 1:grad transition, 2:slide, 3:video: [array([0])]
0:Transition, 1:slide, 2:video: [array([0])]
Results for pair: [407 408]
0:Hard transition, 1:grad transition, 2:slide, 3:video: [array([0])]
0:Transition, 1:slide, 2:video: [array([0])]
Results for pair: [426 450]
0:Hard transition, 1:grad transition, 2:slide, 3:video: [array([0, 2, 0, 0, 2, 2, 2])]
0:Transition, 1:slide, 2:video: [array([2, 2, 2, 2, 2, 2, 2])]
Results for pair: [565 573]
0:Hard transition, 1:grad transition, 2:slide, 3:video: [array([3, 0, 3])]
0:Transition, 1:slide, 2:video: [array([2, 0, 2])]
Results for pair: [589 590]
0:Hard transition, 1:grad transition, 2:slide, 3:video: [array([0])]
0:Transition, 1:slide, 2:video: [array([0])]
Results for pair: [616 621]
0:Hard transition, 1:grad transition, 2:slide, 3:video: [array([0, 0])]
0:Transition, 1:slide, 2:video: [array([1, 1])]
Results for pair: [640 641]
0:Hard transition, 1:grad transition, 2:slide, 3:video: [array([0])]
0:Transition, 1:slide, 2:video: [array([2])]
Results for pair: [691 692]
0:Hard transition, 1:grad transition, 2:slide, 3:video: [array([0])]
0:Transition, 1:slide, 2:video: [array([2])]
Results for pair: [718 737]
0:Hard transition, 1:grad transition, 2:slide, 3:video: [array([0, 3, 3, 3, 0])]
0:Transition, 1:slide, 2:video: [array([0, 2, 2, 2, 0])]
Results for pair: [1101 1102]
0:Hard transition, 1:grad transition, 2:slide, 3:video: [array([0])]
0:Transition, 1:slide, 2:video: [array([1])]
Results for pair: [1181 1182]
0:Hard transition, 1:grad transition, 2:slide, 3:video: [array([0])]
0:Transition, 1:slide, 2:video: [array([1])]
Results for pair: [1216 1217]
0:Hard transition, 1:grad transition, 2:slide, 3:video: [array([2])]
0:Transition, 1:slide, 2:video: [array([1])]
Results for pair: [1247 1251]
0:Hard transition, 1:grad transition, 2:slide, 3:video: [array([2, 2, 2])]
0:Transition, 1:slide, 2:video: [array([1, 1, 1])]
Results for pair: [1379 1380]
0:Hard transition, 1:grad transition, 2:slide, 3:video: [array([2])]
0:Transition, 1:slide, 2:video: [array([1])]
Results for pair: [1393 1404]
0:Hard transition, 1:grad transition, 2:slide, 3:video: [array([3, 3, 2])]
0:Transition, 1:slide, 2:video: [array([1, 1, 1])]
Results for pair: [1427 1451]
0:Hard transition, 1:grad transition, 2:slide, 3:video: [array([3, 3, 3, 2, 2, 2, 3])]
0:Transition, 1:slide, 2:video: [array([1, 1, 1, 1, 1, 1, 1])]
Results for pair: [1601 1602]
0:Hard transition, 1:grad transition, 2:slide, 3:video: [array([2])]
0:Transition, 1:slide, 2:video: [array([1])]
Results for pair: [1635 1640]
0:Hard transition, 1:grad transition, 2:slide, 3:video: [array([3, 2, 2])]
0:Transition, 1:slide, 2:video: [array([1, 1, 1])]
Results for pair: [2358 2359]
0:Hard transition, 1:grad transition, 2:slide, 3:video: [array([2])]
0:Transition, 1:slide, 2:video: [array([1])]
Results for pair: [2424 2436]
0:Hard transition, 1:grad transition, 2:slide, 3:video: [array([2, 2])]
0:Transition, 1:slide, 2:video: [array([1, 1])]
Results for pair: [2465 2479]
0:Hard transition, 1:grad transition, 2:slide, 3:video: [array([0, 1, 0, 0])]
0:Transition, 1:slide, 2:video: [array([1, 2, 0, 2])]
Results for pair: [2506 2508]
0:Hard transition, 1:grad transition, 2:slide, 3:video: [array([0, 0, 0])]
0:Transition, 1:slide, 2:video: [array([0, 0, 0])]
Results for pair: [2530 2531]
0:Hard transition, 1:grad transition, 2:slide, 3:video: [array([0])]
0:Transition, 1:slide, 2:video: [array([0])]
Results for pair: [2604 2605]
0:Hard transition, 1:grad transition, 2:slide, 3:video: [array([0])]
0:Transition, 1:slide, 2:video: [array([1])]
Results for pair: [2632 2634]
0:Hard transition, 1:grad transition, 2:slide, 3:video: [array([3, 3, 3])]
0:Transition, 1:slide, 2:video: [array([1, 1, 1])]
Results for pair: [2675 2692]
0:Hard transition, 1:grad transition, 2:slide, 3:video: [array([2, 0, 2, 2, 2])]
0:Transition, 1:slide, 2:video: [array([1, 1, 1, 1, 1])]
Results for pair: [2774 2775]
0:Hard transition, 1:grad transition, 2:slide, 3:video: [array([0])]
0:Transition, 1:slide, 2:video: [array([2])]
Results for pair: [2916 2917]
0:Hard transition, 1:grad transition, 2:slide, 3:video: [array([2])]
0:Transition, 1:slide, 2:video: [array([1])]
Results for pair: [3506 3527]
0:Hard transition, 1:grad transition, 2:slide, 3:video: [array([2, 0, 2, 2, 2, 2])]
0:Transition, 1:slide, 2:video: [array([1, 1, 1, 1, 1, 1])]
Results for pair: [3541 3543]
0:Hard transition, 1:grad transition, 2:slide, 3:video: [array([2, 2, 2])]
0:Transition, 1:slide, 2:video: [array([1, 1, 1])]
Results for pair: [3622 3623]
0:Hard transition, 1:grad transition, 2:slide, 3:video: [array([0])]
0:Transition, 1:slide, 2:video: [array([1])]
Results for pair: [3658 3662]
0:Hard transition, 1:grad transition, 2:slide, 3:video: [array([0])]
0:Transition, 1:slide, 2:video: [array([1])]
Results for pair: [3680 3681]
0:Hard transition, 1:grad transition, 2:slide, 3:video: [array([0])]
0:Transition, 1:slide, 2:video: [array([1])]
Results for pair: [3730 3731]
0:Hard transition, 1:grad transition, 2:slide, 3:video: [array([0])]
0:Transition, 1:slide, 2:video: [array([1])]
Results for pair: [3750 3751]
0:Hard transition, 1:grad transition, 2:slide, 3:video: [array([0])]
0:Transition, 1:slide, 2:video: [array([1])]
Results for pair: [3828 3829]
0:Hard transition, 1:grad transition, 2:slide, 3:video: [array([0])]
0:Transition, 1:slide, 2:video: [array([0])]
Results for pair: [3877 3878]
0:Hard transition, 1:grad transition, 2:slide, 3:video: [array([0])]
0:Transition, 1:slide, 2:video: [array([0])]
Results for pair: [3920 3926]
0:Hard transition, 1:grad transition, 2:slide, 3:video: [array([0, 0, 2])]
0:Transition, 1:slide, 2:video: [array([1, 1, 1])]
Results for pair: [3939 3960]
0:Hard transition, 1:grad transition, 2:slide, 3:video: [array([0, 0, 0, 0, 2, 2])]
0:Transition, 1:slide, 2:video: [array([1, 1, 1, 1, 1, 1])]
Results for pair: [3987 3995]
0:Hard transition, 1:grad transition, 2:slide, 3:video: [array([0, 0, 0])]
0:Transition, 1:slide, 2:video: [array([1, 1, 1])]
Results for pair: [4278 4279]
0:Hard transition, 1:grad transition, 2:slide, 3:video: [array([0])]
0:Transition, 1:slide, 2:video: [array([0])]
Results for pair: [4333 4334]
0:Hard transition, 1:grad transition, 2:slide, 3:video: [array([2])]
0:Transition, 1:slide, 2:video: [array([2])]
Results for pair: [4359 4368]
0:Hard transition, 1:grad transition, 2:slide, 3:video: [array([2, 2, 2])]
0:Transition, 1:slide, 2:video: [array([2, 2, 2])]
Results for pair: [14 15]
0:Hard transition, 1:grad transition, 2:slide, 3:video: [array([0])]
0:Transition, 1:slide, 2:video: [array([0])]
Results for pair: [116 121]
0:Hard transition, 1:grad transition, 2:slide, 3:video: [array([2, 2, 2])]
0:Transition, 1:slide, 2:video: [array([2, 2, 2])]
Results for pair: [129 130]
0:Hard transition, 1:grad transition, 2:slide, 3:video: [array([2])]
0:Transition, 1:slide, 2:video: [array([2])]
Results for pair: [160 162]
0:Hard transition, 1:grad transition, 2:slide, 3:video: [array([2, 2, 2])]
0:Transition, 1:slide, 2:video: [array([2, 2, 2])]
Results for pair: [171 172]
0:Hard transition, 1:grad transition, 2:slide, 3:video: [array([2])]
0:Transition, 1:slide, 2:video: [array([2])]
Results for pair: [189 190]
0:Hard transition, 1:grad transition, 2:slide, 3:video: [array([2])]
0:Transition, 1:slide, 2:video: [array([2])]
Results for pair: [257 258]
0:Hard transition, 1:grad transition, 2:slide, 3:video: [array([2])]
0:Transition, 1:slide, 2:video: [array([2])]
Results for pair: [297 298]
0:Hard transition, 1:grad transition, 2:slide, 3:video: [array([2])]
0:Transition, 1:slide, 2:video: [array([2])]
Results for pair: [307 308]
0:Hard transition, 1:grad transition, 2:slide, 3:video: [array([2])]
0:Transition, 1:slide, 2:video: [array([2])]
Results for pair: [331 332]
0:Hard transition, 1:grad transition, 2:slide, 3:video: [array([2])]
0:Transition, 1:slide, 2:video: [array([2])]
Results for pair: [344 345]
0:Hard transition, 1:grad transition, 2:slide, 3:video: [array([0])]
0:Transition, 1:slide, 2:video: [array([0])]
Results for pair: [407 408]
0:Hard transition, 1:grad transition, 2:slide, 3:video: [array([0])]
0:Transition, 1:slide, 2:video: [array([0])]
Results for pair: [425 426]
0:Hard transition, 1:grad transition, 2:slide, 3:video: [array([2])]
0:Transition, 1:slide, 2:video: [array([1])]
Results for pair: [440 445]
0:Hard transition, 1:grad transition, 2:slide, 3:video: [array([2, 2, 2])]
0:Transition, 1:slide, 2:video: [array([1, 1, 1])]
Results for pair: [565 567]
0:Hard transition, 1:grad transition, 2:slide, 3:video: [array([0, 0, 0])]
0:Transition, 1:slide, 2:video: [array([0, 0, 0])]
Results for pair: [589 590]
0:Hard transition, 1:grad transition, 2:slide, 3:video: [array([0])]
0:Transition, 1:slide, 2:video: [array([0])]
Results for pair: [616 621]
0:Hard transition, 1:grad transition, 2:slide, 3:video: [array([0, 0, 0])]
0:Transition, 1:slide, 2:video: [array([1, 1, 1])]
Results for pair: [640 641]
0:Hard transition, 1:grad transition, 2:slide, 3:video: [array([0])]
0:Transition, 1:slide, 2:video: [array([1])]
Results for pair: [691 692]
0:Hard transition, 1:grad transition, 2:slide, 3:video: [array([0])]
0:Transition, 1:slide, 2:video: [array([1])]
Results for pair: [718 722]
0:Hard transition, 1:grad transition, 2:slide, 3:video: [array([0, 0, 1])]
0:Transition, 1:slide, 2:video: [array([0, 0, 1])]
Results for pair: [736 737]
0:Hard transition, 1:grad transition, 2:slide, 3:video: [array([0])]
0:Transition, 1:slide, 2:video: [array([0])]
Results for pair: [1101 1102]
0:Hard transition, 1:grad transition, 2:slide, 3:video: [array([0])]
0:Transition, 1:slide, 2:video: [array([2])]
Results for pair: [1181 1182]
0:Hard transition, 1:grad transition, 2:slide, 3:video: [array([0])]
0:Transition, 1:slide, 2:video: [array([2])]
Results for pair: [1216 1217]
0:Hard transition, 1:grad transition, 2:slide, 3:video: [array([0])]
0:Transition, 1:slide, 2:video: [array([2])]
Results for pair: [1246 1247]
0:Hard transition, 1:grad transition, 2:slide, 3:video: [array([0])]
0:Transition, 1:slide, 2:video: [array([2])]
Results for pair: [1384 1385]
0:Hard transition, 1:grad transition, 2:slide, 3:video: [array([2])]
0:Transition, 1:slide, 2:video: [array([2])]
Results for pair: [1393 1404]
0:Hard transition, 1:grad transition, 2:slide, 3:video: [array([2, 0, 2])]
0:Transition, 1:slide, 2:video: [array([2, 2, 2])]
Results for pair: [1427 1439]
0:Hard transition, 1:grad transition, 2:slide, 3:video: [array([0, 2, 0, 2])]
0:Transition, 1:slide, 2:video: [array([2, 2, 2, 2])]
Results for pair: [1482 1487]
0:Hard transition, 1:grad transition, 2:slide, 3:video: [array([2, 3, 3])]
0:Transition, 1:slide, 2:video: [array([2, 2, 2])]
Results for pair: [1604 1605]
0:Hard transition, 1:grad transition, 2:slide, 3:video: [array([2])]
0:Transition, 1:slide, 2:video: [array([2])]
Results for pair: [1653 1659]
0:Hard transition, 1:grad transition, 2:slide, 3:video: [array([2, 2, 2])]
0:Transition, 1:slide, 2:video: [array([2, 2, 2])]
Results for pair: [1709 1714]
0:Hard transition, 1:grad transition, 2:slide, 3:video: [array([3, 3, 2])]
0:Transition, 1:slide, 2:video: [array([2, 2, 2])]
Results for pair: [1743 1744]
0:Hard transition, 1:grad transition, 2:slide, 3:video: [array([2])]
0:Transition, 1:slide, 2:video: [array([2])]
Results for pair: [1753 1754]
0:Hard transition, 1:grad transition, 2:slide, 3:video: [array([2])]
0:Transition, 1:slide, 2:video: [array([2])]
Results for pair: [2265 2266]
0:Hard transition, 1:grad transition, 2:slide, 3:video: [array([2])]
0:Transition, 1:slide, 2:video: [array([2])]
Results for pair: [2409 2410]
0:Hard transition, 1:grad transition, 2:slide, 3:video: [array([2])]
0:Transition, 1:slide, 2:video: [array([2])]
Results for pair: [2425 2427]
0:Hard transition, 1:grad transition, 2:slide, 3:video: [array([2, 2, 2])]
0:Transition, 1:slide, 2:video: [array([2, 2, 2])]
Results for pair: [2435 2438]
0:Hard transition, 1:grad transition, 2:slide, 3:video: [array([2, 3])]
0:Transition, 1:slide, 2:video: [array([2, 2])]
Results for pair: [2465 2479]
0:Hard transition, 1:grad transition, 2:slide, 3:video: [array([0, 0, 0, 0])]
0:Transition, 1:slide, 2:video: [array([2, 2, 2, 2])]
Results for pair: [2506 2508]
0:Hard transition, 1:grad transition, 2:slide, 3:video: [array([0, 0, 0])]
0:Transition, 1:slide, 2:video: [array([0, 0, 0])]
Results for pair: [2530 2531]
0:Hard transition, 1:grad transition, 2:slide, 3:video: [array([0])]
0:Transition, 1:slide, 2:video: [array([0])]
Results for pair: [2604 2606]
0:Hard transition, 1:grad transition, 2:slide, 3:video: [array([0, 0, 0])]
0:Transition, 1:slide, 2:video: [array([2, 2, 2])]
Results for pair: [2616 2617]
0:Hard transition, 1:grad transition, 2:slide, 3:video: [array([0])]
0:Transition, 1:slide, 2:video: [array([2])]
Results for pair: [2628 2632]
0:Hard transition, 1:grad transition, 2:slide, 3:video: [array([2, 0, 2])]
0:Transition, 1:slide, 2:video: [array([2, 2, 2])]
Results for pair: [2676 2679]
0:Hard transition, 1:grad transition, 2:slide, 3:video: [array([2, 2, 2])]
0:Transition, 1:slide, 2:video: [array([2, 2, 2])]
Results for pair: [2688 2690]
0:Hard transition, 1:grad transition, 2:slide, 3:video: [array([2, 2, 2])]
0:Transition, 1:slide, 2:video: [array([2, 2, 2])]
Results for pair: [2707 2708]
0:Hard transition, 1:grad transition, 2:slide, 3:video: [array([2])]
0:Transition, 1:slide, 2:video: [array([2])]
Results for pair: [2774 2775]
0:Hard transition, 1:grad transition, 2:slide, 3:video: [array([0])]
0:Transition, 1:slide, 2:video: [array([2])]
Results for pair: [2916 2917]
0:Hard transition, 1:grad transition, 2:slide, 3:video: [array([2])]
0:Transition, 1:slide, 2:video: [array([2])]
Results for pair: [2964 2969]
0:Hard transition, 1:grad transition, 2:slide, 3:video: [array([2, 2, 2])]
0:Transition, 1:slide, 2:video: [array([2, 2, 2])]
Results for pair: [3524 3526]
0:Hard transition, 1:grad transition, 2:slide, 3:video: [array([2, 2, 2])]
0:Transition, 1:slide, 2:video: [array([2, 2, 2])]
Results for pair: [3541 3543]
0:Hard transition, 1:grad transition, 2:slide, 3:video: [array([2, 2, 2])]
0:Transition, 1:slide, 2:video: [array([2, 2, 2])]
Results for pair: [3622 3623]
0:Hard transition, 1:grad transition, 2:slide, 3:video: [array([0])]
0:Transition, 1:slide, 2:video: [array([2])]
Results for pair: [3658 3662]
0:Hard transition, 1:grad transition, 2:slide, 3:video: [array([0, 0, 0])]
0:Transition, 1:slide, 2:video: [array([2, 2, 2])]
Results for pair: [3680 3681]
0:Hard transition, 1:grad transition, 2:slide, 3:video: [array([0])]
0:Transition, 1:slide, 2:video: [array([2])]
Results for pair: [3730 3731]
0:Hard transition, 1:grad transition, 2:slide, 3:video: [array([0])]
0:Transition, 1:slide, 2:video: [array([2])]
Results for pair: [3750 3751]
0:Hard transition, 1:grad transition, 2:slide, 3:video: [array([0])]
0:Transition, 1:slide, 2:video: [array([2])]
Results for pair: [3828 3829]
0:Hard transition, 1:grad transition, 2:slide, 3:video: [array([0])]
0:Transition, 1:slide, 2:video: [array([0])]
Results for pair: [3877 3878]
0:Hard transition, 1:grad transition, 2:slide, 3:video: [array([0])]
0:Transition, 1:slide, 2:video: [array([0])]
Results for pair: [3939 3954]
0:Hard transition, 1:grad transition, 2:slide, 3:video: [array([0, 0, 2, 2])]
0:Transition, 1:slide, 2:video: [array([1, 1, 1, 1])]
Results for pair: [3987 3995]
0:Hard transition, 1:grad transition, 2:slide, 3:video: [array([0, 0, 0])]
0:Transition, 1:slide, 2:video: [array([1, 1, 1])]
Results for pair: [4278 4279]
0:Hard transition, 1:grad transition, 2:slide, 3:video: [array([0])]
0:Transition, 1:slide, 2:video: [array([0])]
Results for pair: [4307 4308]
0:Hard transition, 1:grad transition, 2:slide, 3:video: [array([2])]
0:Transition, 1:slide, 2:video: [array([2])]
Results for pair: [4376 4378]
0:Hard transition, 1:grad transition, 2:slide, 3:video: [array([2, 2, 2])]
0:Transition, 1:slide, 2:video: [array([2, 2, 2])]
Results for pair: [4440 4457]
0:Hard transition, 1:grad transition, 2:slide, 3:video: [array([2, 2, 2, 2, 2])]
0:Transition, 1:slide, 2:video: [array([2, 2, 2, 2, 2])]
Results for pair: [4473 4474]
0:Hard transition, 1:grad transition, 2:slide, 3:video: [array([2])]
0:Transition, 1:slide, 2:video: [array([2])]
Results for pair: [4488 4489]
0:Hard transition, 1:grad transition, 2:slide, 3:video: [array([2])]
0:Transition, 1:slide, 2:video: [array([2])]
Results for pair: [4502 4504]
0:Hard transition, 1:grad transition, 2:slide, 3:video: [array([2, 2, 2])]
0:Transition, 1:slide, 2:video: [array([2, 2, 2])]
Results for pair: [4514 4522]
0:Hard transition, 1:grad transition, 2:slide, 3:video: [array([2, 2, 2])]
0:Transition, 1:slide, 2:video: [array([2, 2, 2])]
Results for pair: [172 190]
0:Hard transition, 1:grad transition, 2:slide, 3:video: [array([2, 2, 2, 2, 2])]
0:Transition, 1:slide, 2:video: [array([2, 2, 2, 2, 2])]
Results for pair: [257 258]
0:Hard transition, 1:grad transition, 2:slide, 3:video: [array([2])]
0:Transition, 1:slide, 2:video: [array([2])]
Results for pair: [298 308]
0:Hard transition, 1:grad transition, 2:slide, 3:video: [array([2, 2, 2])]
0:Transition, 1:slide, 2:video: [array([2, 2, 2])]
Results for pair: [331 345]
0:Hard transition, 1:grad transition, 2:slide, 3:video: [array([2, 2, 2, 0])]
0:Transition, 1:slide, 2:video: [array([2, 2, 2, 0])]
Results for pair: [407 408]
0:Hard transition, 1:grad transition, 2:slide, 3:video: [array([0])]
0:Transition, 1:slide, 2:video: [array([0])]
Results for pair: [440 445]
0:Hard transition, 1:grad transition, 2:slide, 3:video: [array([2, 2, 2])]
0:Transition, 1:slide, 2:video: [array([1, 1, 1])]
Results for pair: [565 567]
0:Hard transition, 1:grad transition, 2:slide, 3:video: [array([0, 0, 0])]
0:Transition, 1:slide, 2:video: [array([0, 0, 0])]
Results for pair: [589 590]
0:Hard transition, 1:grad transition, 2:slide, 3:video: [array([0])]
0:Transition, 1:slide, 2:video: [array([0])]
Results for pair: [616 641]
0:Hard transition, 1:grad transition, 2:slide, 3:video: [array([0, 0, 2, 2, 2, 2, 0])]
0:Transition, 1:slide, 2:video: [array([1, 1, 1, 1, 1, 1, 1])]
Results for pair: [691 692]
0:Hard transition, 1:grad transition, 2:slide, 3:video: [array([0])]
0:Transition, 1:slide, 2:video: [array([1])]
Results for pair: [718 737]
0:Hard transition, 1:grad transition, 2:slide, 3:video: [array([0, 1, 3])]
0:Transition, 1:slide, 2:video: [array([0, 1, 2])]
Results for pair: [1101 1102]
0:Hard transition, 1:grad transition, 2:slide, 3:video: [array([0])]
0:Transition, 1:slide, 2:video: [array([2])]
Results for pair: [1181 1182]
0:Hard transition, 1:grad transition, 2:slide, 3:video: [array([0])]
0:Transition, 1:slide, 2:video: [array([2])]
Results for pair: [1216 1217]
0:Hard transition, 1:grad transition, 2:slide, 3:video: [array([0])]
0:Transition, 1:slide, 2:video: [array([2])]
Results for pair: [1246 1247]
0:Hard transition, 1:grad transition, 2:slide, 3:video: [array([0])]
0:Transition, 1:slide, 2:video: [array([2])]
Results for pair: [1384 1404]
0:Hard transition, 1:grad transition, 2:slide, 3:video: [array([2, 2, 2, 2, 0, 2])]
0:Transition, 1:slide, 2:video: [array([2, 2, 2, 2, 2, 2])]
Results for pair: [1427 1439]
0:Hard transition, 1:grad transition, 2:slide, 3:video: [array([0, 2, 0, 2])]
0:Transition, 1:slide, 2:video: [array([2, 2, 2, 2])]
Results for pair: [1482 1487]
0:Hard transition, 1:grad transition, 2:slide, 3:video: [array([2, 3, 3])]
0:Transition, 1:slide, 2:video: [array([2, 2, 2])]
Results for pair: [1604 1605]
0:Hard transition, 1:grad transition, 2:slide, 3:video: [array([2])]
0:Transition, 1:slide, 2:video: [array([2])]
Results for pair: [1653 1659]
0:Hard transition, 1:grad transition, 2:slide, 3:video: [array([2, 2, 2])]
0:Transition, 1:slide, 2:video: [array([2, 2, 2])]
Results for pair: [1709 1714]
0:Hard transition, 1:grad transition, 2:slide, 3:video: [array([3, 3, 2])]
0:Transition, 1:slide, 2:video: [array([2, 2, 2])]
Results for pair: [1743 1754]
0:Hard transition, 1:grad transition, 2:slide, 3:video: [array([2, 2, 2])]
0:Transition, 1:slide, 2:video: [array([2, 2, 2])]
Results for pair: [2265 2266]
0:Hard transition, 1:grad transition, 2:slide, 3:video: [array([2])]
0:Transition, 1:slide, 2:video: [array([2])]
Results for pair: [2409 2410]
0:Hard transition, 1:grad transition, 2:slide, 3:video: [array([2])]
0:Transition, 1:slide, 2:video: [array([2])]
Results for pair: [2436 2438]
0:Hard transition, 1:grad transition, 2:slide, 3:video: [array([2])]
0:Transition, 1:slide, 2:video: [array([2])]
Results for pair: [2465 2479]
0:Hard transition, 1:grad transition, 2:slide, 3:video: [array([0, 0, 0, 0])]
0:Transition, 1:slide, 2:video: [array([2, 2, 2, 2])]
Results for pair: [2506 2508]
0:Hard transition, 1:grad transition, 2:slide, 3:video: [array([0, 0, 0])]
0:Transition, 1:slide, 2:video: [array([0, 0, 0])]
Results for pair: [2530 2531]
0:Hard transition, 1:grad transition, 2:slide, 3:video: [array([0])]
0:Transition, 1:slide, 2:video: [array([0])]
Results for pair: [2604 2605]
0:Hard transition, 1:grad transition, 2:slide, 3:video: [array([0])]
0:Transition, 1:slide, 2:video: [array([2])]
Results for pair: [2631 2632]
0:Hard transition, 1:grad transition, 2:slide, 3:video: [array([2])]
0:Transition, 1:slide, 2:video: [array([2])]
Results for pair: [2676 2708]
0:Hard transition, 1:grad transition, 2:slide, 3:video: [array([2, 2, 2, 2, 2, 2, 2, 2, 2])]
0:Transition, 1:slide, 2:video: [array([2, 2, 2, 2, 2, 2, 2, 2, 2])]
Results for pair: [2774 2775]
0:Hard transition, 1:grad transition, 2:slide, 3:video: [array([0])]
0:Transition, 1:slide, 2:video: [array([2])]
Results for pair: [2916 2917]
0:Hard transition, 1:grad transition, 2:slide, 3:video: [array([2])]
0:Transition, 1:slide, 2:video: [array([2])]
Results for pair: [2964 2969]
0:Hard transition, 1:grad transition, 2:slide, 3:video: [array([2, 2, 2])]
0:Transition, 1:slide, 2:video: [array([2, 2, 2])]
Results for pair: [3542 3543]
0:Hard transition, 1:grad transition, 2:slide, 3:video: [array([2])]
0:Transition, 1:slide, 2:video: [array([2])]
Results for pair: [3622 3623]
0:Hard transition, 1:grad transition, 2:slide, 3:video: [array([0])]
0:Transition, 1:slide, 2:video: [array([2])]
Results for pair: [3658 3681]
0:Hard transition, 1:grad transition, 2:slide, 3:video: [array([0, 0, 2])]
0:Transition, 1:slide, 2:video: [array([2, 2, 2])]
Results for pair: [3730 3751]
0:Hard transition, 1:grad transition, 2:slide, 3:video: [array([0, 2, 2, 2, 2, 0])]
0:Transition, 1:slide, 2:video: [array([2, 2, 2, 2, 2, 2])]
Results for pair: [3828 3829]
0:Hard transition, 1:grad transition, 2:slide, 3:video: [array([0])]
0:Transition, 1:slide, 2:video: [array([0])]
Results for pair: [3877 3878]
0:Hard transition, 1:grad transition, 2:slide, 3:video: [array([0])]
0:Transition, 1:slide, 2:video: [array([0])]
Results for pair: [3939 3954]
0:Hard transition, 1:grad transition, 2:slide, 3:video: [array([0, 0, 2, 2])]
0:Transition, 1:slide, 2:video: [array([1, 1, 1, 1])]
Results for pair: [3987 3995]
0:Hard transition, 1:grad transition, 2:slide, 3:video: [array([0, 0, 0])]
0:Transition, 1:slide, 2:video: [array([1, 1, 1])]
Results for pair: [4278 4279]
0:Hard transition, 1:grad transition, 2:slide, 3:video: [array([0])]
0:Transition, 1:slide, 2:video: [array([0])]
Results for pair: [4307 4308]
0:Hard transition, 1:grad transition, 2:slide, 3:video: [array([2])]
0:Transition, 1:slide, 2:video: [array([2])]
Results for pair: [4376 4378]
0:Hard transition, 1:grad transition, 2:slide, 3:video: [array([2, 2, 2])]
0:Transition, 1:slide, 2:video: [array([2, 2, 2])]
Results for pair: [4440 4441]
0:Hard transition, 1:grad transition, 2:slide, 3:video: [array([2])]
0:Transition, 1:slide, 2:video: [array([2])]
Results for pair: [4519 4522]
0:Hard transition, 1:grad transition, 2:slide, 3:video: [array([2, 2, 2])]
0:Transition, 1:slide, 2:video: [array([2, 2, 2])]
Results for pair: [14 18]
0:Hard transition, 1:grad transition, 2:slide, 3:video: [array([0, 0, 0])]
0:Transition, 1:slide, 2:video: [array([0, 0, 0])]
Results for pair: [27 28]
0:Hard transition, 1:grad transition, 2:slide, 3:video: [array([2])]
0:Transition, 1:slide, 2:video: [array([2])]
Results for pair: [95 96]
0:Hard transition, 1:grad transition, 2:slide, 3:video: [array([2])]
0:Transition, 1:slide, 2:video: [array([2])]
Results for pair: [104 114]
0:Hard transition, 1:grad transition, 2:slide, 3:video: [array([2, 2, 2])]
0:Transition, 1:slide, 2:video: [array([2, 2, 2])]
Results for pair: [138 151]
0:Hard transition, 1:grad transition, 2:slide, 3:video: [array([2, 2, 2, 2])]
0:Transition, 1:slide, 2:video: [array([2, 2, 2, 2])]
Results for pair: [160 162]
0:Hard transition, 1:grad transition, 2:slide, 3:video: [array([2, 2, 2])]
0:Transition, 1:slide, 2:video: [array([2, 2, 2])]
Results for pair: [209 210]
0:Hard transition, 1:grad transition, 2:slide, 3:video: [array([2])]
0:Transition, 1:slide, 2:video: [array([2])]
Results for pair: [258 275]
0:Hard transition, 1:grad transition, 2:slide, 3:video: [array([2, 2, 2, 2, 2])]
0:Transition, 1:slide, 2:video: [array([2, 2, 2, 2, 2])]
Results for pair: [283 284]
0:Hard transition, 1:grad transition, 2:slide, 3:video: [array([2])]
0:Transition, 1:slide, 2:video: [array([2])]
Results for pair: [331 332]
0:Hard transition, 1:grad transition, 2:slide, 3:video: [array([2])]
0:Transition, 1:slide, 2:video: [array([2])]
Results for pair: [344 345]
0:Hard transition, 1:grad transition, 2:slide, 3:video: [array([0])]
0:Transition, 1:slide, 2:video: [array([0])]
Results for pair: [407 408]
0:Hard transition, 1:grad transition, 2:slide, 3:video: [array([0])]
0:Transition, 1:slide, 2:video: [array([0])]
Results for pair: [426 445]
0:Hard transition, 1:grad transition, 2:slide, 3:video: [array([0, 2, 0, 2, 2])]
0:Transition, 1:slide, 2:video: [array([1, 1, 1, 1, 1])]
Results for pair: [565 567]
0:Hard transition, 1:grad transition, 2:slide, 3:video: [array([0, 0])]
0:Transition, 1:slide, 2:video: [array([0, 0])]
Results for pair: [589 590]
0:Hard transition, 1:grad transition, 2:slide, 3:video: [array([0])]
0:Transition, 1:slide, 2:video: [array([0])]
Results for pair: [616 621]
0:Hard transition, 1:grad transition, 2:slide, 3:video: [array([0, 0, 0])]
0:Transition, 1:slide, 2:video: [array([1, 1, 1])]
Results for pair: [640 641]
0:Hard transition, 1:grad transition, 2:slide, 3:video: [array([0])]
0:Transition, 1:slide, 2:video: [array([1])]
Results for pair: [691 692]
0:Hard transition, 1:grad transition, 2:slide, 3:video: [array([0])]
0:Transition, 1:slide, 2:video: [array([1])]
Results for pair: [718 722]
0:Hard transition, 1:grad transition, 2:slide, 3:video: [array([0, 0, 1])]
0:Transition, 1:slide, 2:video: [array([0, 0, 1])]
Results for pair: [736 737]
0:Hard transition, 1:grad transition, 2:slide, 3:video: [array([0])]
0:Transition, 1:slide, 2:video: [array([0])]
Results for pair: [1101 1102]
0:Hard transition, 1:grad transition, 2:slide, 3:video: [array([0])]
0:Transition, 1:slide, 2:video: [array([2])]
Results for pair: [1181 1182]
0:Hard transition, 1:grad transition, 2:slide, 3:video: [array([0])]
0:Transition, 1:slide, 2:video: [array([2])]
Results for pair: [1216 1217]
0:Hard transition, 1:grad transition, 2:slide, 3:video: [array([0])]
0:Transition, 1:slide, 2:video: [array([2])]
Results for pair: [1236 1240]
0:Hard transition, 1:grad transition, 2:slide, 3:video: [array([2, 2, 2])]
0:Transition, 1:slide, 2:video: [array([2, 2, 2])]
Results for pair: [1352 1353]
0:Hard transition, 1:grad transition, 2:slide, 3:video: [array([2])]
0:Transition, 1:slide, 2:video: [array([2])]
Results for pair: [1384 1385]
0:Hard transition, 1:grad transition, 2:slide, 3:video: [array([2])]
0:Transition, 1:slide, 2:video: [array([2])]
Results for pair: [1395 1402]
0:Hard transition, 1:grad transition, 2:slide, 3:video: [array([0, 0, 0])]
0:Transition, 1:slide, 2:video: [array([2, 2, 2])]
Results for pair: [1427 1438]
0:Hard transition, 1:grad transition, 2:slide, 3:video: [array([0, 2, 2])]
0:Transition, 1:slide, 2:video: [array([2, 2, 2])]
Results for pair: [1471 1472]
0:Hard transition, 1:grad transition, 2:slide, 3:video: [array([2])]
0:Transition, 1:slide, 2:video: [array([2])]
Results for pair: [1611 1612]
0:Hard transition, 1:grad transition, 2:slide, 3:video: [array([0])]
0:Transition, 1:slide, 2:video: [array([2])]
Results for pair: [1641 1643]
0:Hard transition, 1:grad transition, 2:slide, 3:video: [array([2, 2, 2])]
0:Transition, 1:slide, 2:video: [array([2, 2, 2])]
Results for pair: [1651 1656]
0:Hard transition, 1:grad transition, 2:slide, 3:video: [array([2, 2])]
0:Transition, 1:slide, 2:video: [array([2, 2])]
Results for pair: [1709 1714]
0:Hard transition, 1:grad transition, 2:slide, 3:video: [array([3, 3, 2])]
0:Transition, 1:slide, 2:video: [array([2, 2, 2])]
Results for pair: [1749 1750]
0:Hard transition, 1:grad transition, 2:slide, 3:video: [array([2])]
0:Transition, 1:slide, 2:video: [array([2])]
Results for pair: [2358 2359]
0:Hard transition, 1:grad transition, 2:slide, 3:video: [array([2])]
0:Transition, 1:slide, 2:video: [array([2])]
Results for pair: [2421 2427]
0:Hard transition, 1:grad transition, 2:slide, 3:video: [array([2, 3, 2])]
0:Transition, 1:slide, 2:video: [array([2, 2, 2])]
Results for pair: [2465 2479]
0:Hard transition, 1:grad transition, 2:slide, 3:video: [array([0, 0, 0, 0])]
0:Transition, 1:slide, 2:video: [array([2, 2, 2, 2])]
Results for pair: [2506 2508]
0:Hard transition, 1:grad transition, 2:slide, 3:video: [array([0, 0, 0])]
0:Transition, 1:slide, 2:video: [array([0, 0, 0])]
Results for pair: [2530 2531]
0:Hard transition, 1:grad transition, 2:slide, 3:video: [array([0])]
0:Transition, 1:slide, 2:video: [array([0])]
Results for pair: [2604 2606]
0:Hard transition, 1:grad transition, 2:slide, 3:video: [array([0, 0, 0])]
0:Transition, 1:slide, 2:video: [array([2, 2, 2])]
Results for pair: [2616 2617]
0:Hard transition, 1:grad transition, 2:slide, 3:video: [array([0])]
0:Transition, 1:slide, 2:video: [array([2])]
Results for pair: [2628 2631]
0:Hard transition, 1:grad transition, 2:slide, 3:video: [array([2, 0, 2])]
0:Transition, 1:slide, 2:video: [array([2, 2, 2])]
Results for pair: [2645 2646]
0:Hard transition, 1:grad transition, 2:slide, 3:video: [array([2])]
0:Transition, 1:slide, 2:video: [array([2])]
Results for pair: [2678 2679]
0:Hard transition, 1:grad transition, 2:slide, 3:video: [array([2])]
0:Transition, 1:slide, 2:video: [array([2])]
Results for pair: [2688 2690]
0:Hard transition, 1:grad transition, 2:slide, 3:video: [array([2, 2, 2])]
0:Transition, 1:slide, 2:video: [array([2, 2, 2])]
Results for pair: [2707 2708]
0:Hard transition, 1:grad transition, 2:slide, 3:video: [array([2])]
0:Transition, 1:slide, 2:video: [array([2])]
Results for pair: [2774 2775]
0:Hard transition, 1:grad transition, 2:slide, 3:video: [array([0])]
0:Transition, 1:slide, 2:video: [array([2])]
Results for pair: [2958 2959]
0:Hard transition, 1:grad transition, 2:slide, 3:video: [array([2])]
0:Transition, 1:slide, 2:video: [array([2])]
Results for pair: [3518 3527]
0:Hard transition, 1:grad transition, 2:slide, 3:video: [array([3, 2, 2])]
0:Transition, 1:slide, 2:video: [array([2, 2, 2])]
Results for pair: [3541 3543]
0:Hard transition, 1:grad transition, 2:slide, 3:video: [array([2, 2, 2])]
0:Transition, 1:slide, 2:video: [array([2, 2, 2])]
Results for pair: [3622 3623]
0:Hard transition, 1:grad transition, 2:slide, 3:video: [array([0])]
0:Transition, 1:slide, 2:video: [array([2])]
Results for pair: [3658 3662]
0:Hard transition, 1:grad transition, 2:slide, 3:video: [array([0, 0, 0])]
0:Transition, 1:slide, 2:video: [array([2, 2, 2])]
Results for pair: [3680 3681]
0:Hard transition, 1:grad transition, 2:slide, 3:video: [array([0])]
0:Transition, 1:slide, 2:video: [array([2])]
Results for pair: [3730 3731]
0:Hard transition, 1:grad transition, 2:slide, 3:video: [array([0])]
0:Transition, 1:slide, 2:video: [array([2])]
Results for pair: [3750 3751]
0:Hard transition, 1:grad transition, 2:slide, 3:video: [array([0])]
0:Transition, 1:slide, 2:video: [array([2])]
Results for pair: [3828 3829]
0:Hard transition, 1:grad transition, 2:slide, 3:video: [array([0])]
0:Transition, 1:slide, 2:video: [array([0])]
Results for pair: [3877 3878]
0:Hard transition, 1:grad transition, 2:slide, 3:video: [array([0])]
0:Transition, 1:slide, 2:video: [array([0])]
Results for pair: [3940 3941]
0:Hard transition, 1:grad transition, 2:slide, 3:video: [array([0])]
0:Transition, 1:slide, 2:video: [array([1])]
Results for pair: [3987 3994]
0:Hard transition, 1:grad transition, 2:slide, 3:video: [array([0, 0, 0])]
0:Transition, 1:slide, 2:video: [array([1, 1, 1])]
Results for pair: [4010 4011]
0:Hard transition, 1:grad transition, 2:slide, 3:video: [array([2])]
0:Transition, 1:slide, 2:video: [array([1])]
Results for pair: [4278 4279]
0:Hard transition, 1:grad transition, 2:slide, 3:video: [array([0])]
0:Transition, 1:slide, 2:video: [array([0])]
Results for pair: [4310 4312]
0:Hard transition, 1:grad transition, 2:slide, 3:video: [array([2, 2, 2])]
0:Transition, 1:slide, 2:video: [array([2, 2, 2])]
Results for pair: [4320 4321]
0:Hard transition, 1:grad transition, 2:slide, 3:video: [array([2])]
0:Transition, 1:slide, 2:video: [array([2])]
Results for pair: [4350 4351]
0:Hard transition, 1:grad transition, 2:slide, 3:video: [array([2])]
0:Transition, 1:slide, 2:video: [array([2])]
Results for pair: [4374 4380]
0:Hard transition, 1:grad transition, 2:slide, 3:video: [array([2])]
0:Transition, 1:slide, 2:video: [array([2])]
Results for pair: [4454 4455]
0:Hard transition, 1:grad transition, 2:slide, 3:video: [array([2])]
0:Transition, 1:slide, 2:video: [array([2])]
Results for pair: [4498 4504]
0:Hard transition, 1:grad transition, 2:slide, 3:video: [array([2, 2, 2])]
0:Transition, 1:slide, 2:video: [array([2, 2, 2])]
Results for pair: [14 15]
0:Hard transition, 1:grad transition, 2:slide, 3:video: [array([0])]
0:Transition, 1:slide, 2:video: [array([0])]
Results for pair: [116 121]
0:Hard transition, 1:grad transition, 2:slide, 3:video: [array([2, 2, 2])]
0:Transition, 1:slide, 2:video: [array([2, 2, 2])]
Results for pair: [129 130]
0:Hard transition, 1:grad transition, 2:slide, 3:video: [array([2])]
0:Transition, 1:slide, 2:video: [array([2])]
Results for pair: [160 162]
0:Hard transition, 1:grad transition, 2:slide, 3:video: [array([2, 2, 2])]
0:Transition, 1:slide, 2:video: [array([2, 2, 2])]
Results for pair: [171 172]
0:Hard transition, 1:grad transition, 2:slide, 3:video: [array([2])]
0:Transition, 1:slide, 2:video: [array([2])]
Results for pair: [189 190]
0:Hard transition, 1:grad transition, 2:slide, 3:video: [array([2])]
0:Transition, 1:slide, 2:video: [array([2])]
Results for pair: [257 258]
0:Hard transition, 1:grad transition, 2:slide, 3:video: [array([2])]
0:Transition, 1:slide, 2:video: [array([2])]
Results for pair: [297 298]
0:Hard transition, 1:grad transition, 2:slide, 3:video: [array([2])]
0:Transition, 1:slide, 2:video: [array([2])]
Results for pair: [307 308]
0:Hard transition, 1:grad transition, 2:slide, 3:video: [array([2])]
0:Transition, 1:slide, 2:video: [array([2])]
Results for pair: [331 332]
0:Hard transition, 1:grad transition, 2:slide, 3:video: [array([2])]
0:Transition, 1:slide, 2:video: [array([2])]
Results for pair: [344 345]
0:Hard transition, 1:grad transition, 2:slide, 3:video: [array([0])]
0:Transition, 1:slide, 2:video: [array([0])]
Results for pair: [407 408]
0:Hard transition, 1:grad transition, 2:slide, 3:video: [array([0])]
0:Transition, 1:slide, 2:video: [array([0])]
Results for pair: [425 426]
0:Hard transition, 1:grad transition, 2:slide, 3:video: [array([2])]
0:Transition, 1:slide, 2:video: [array([1])]
Results for pair: [440 445]
0:Hard transition, 1:grad transition, 2:slide, 3:video: [array([2, 2, 2])]
0:Transition, 1:slide, 2:video: [array([1, 1, 1])]
Results for pair: [565 567]
0:Hard transition, 1:grad transition, 2:slide, 3:video: [array([0, 0, 0])]
0:Transition, 1:slide, 2:video: [array([0, 0, 0])]
Results for pair: [589 590]
0:Hard transition, 1:grad transition, 2:slide, 3:video: [array([0])]
0:Transition, 1:slide, 2:video: [array([0])]
Results for pair: [616 621]
0:Hard transition, 1:grad transition, 2:slide, 3:video: [array([0, 0, 0])]
0:Transition, 1:slide, 2:video: [array([1, 1, 1])]
Results for pair: [640 641]
0:Hard transition, 1:grad transition, 2:slide, 3:video: [array([0])]
0:Transition, 1:slide, 2:video: [array([1])]
Results for pair: [691 692]
0:Hard transition, 1:grad transition, 2:slide, 3:video: [array([0])]
0:Transition, 1:slide, 2:video: [array([1])]
Results for pair: [718 722]
0:Hard transition, 1:grad transition, 2:slide, 3:video: [array([0, 0, 1])]
0:Transition, 1:slide, 2:video: [array([0, 0, 1])]
Results for pair: [736 737]
0:Hard transition, 1:grad transition, 2:slide, 3:video: [array([0])]
0:Transition, 1:slide, 2:video: [array([0])]
Results for pair: [1101 1102]
0:Hard transition, 1:grad transition, 2:slide, 3:video: [array([0])]
0:Transition, 1:slide, 2:video: [array([2])]
Results for pair: [1181 1182]
0:Hard transition, 1:grad transition, 2:slide, 3:video: [array([0])]
0:Transition, 1:slide, 2:video: [array([2])]
Results for pair: [1216 1217]
0:Hard transition, 1:grad transition, 2:slide, 3:video: [array([0])]
0:Transition, 1:slide, 2:video: [array([2])]
Results for pair: [1246 1247]
0:Hard transition, 1:grad transition, 2:slide, 3:video: [array([0])]
0:Transition, 1:slide, 2:video: [array([2])]
Results for pair: [1384 1385]
0:Hard transition, 1:grad transition, 2:slide, 3:video: [array([2])]
0:Transition, 1:slide, 2:video: [array([2])]
Results for pair: [1393 1404]
0:Hard transition, 1:grad transition, 2:slide, 3:video: [array([2, 0, 2])]
0:Transition, 1:slide, 2:video: [array([2, 2, 2])]
Results for pair: [1427 1439]
0:Hard transition, 1:grad transition, 2:slide, 3:video: [array([0, 2, 0, 2])]
0:Transition, 1:slide, 2:video: [array([2, 2, 2, 2])]
Results for pair: [1482 1487]
0:Hard transition, 1:grad transition, 2:slide, 3:video: [array([2, 3, 3])]
0:Transition, 1:slide, 2:video: [array([2, 2, 2])]
Results for pair: [1604 1605]
0:Hard transition, 1:grad transition, 2:slide, 3:video: [array([2])]
0:Transition, 1:slide, 2:video: [array([2])]
Results for pair: [1653 1659]
0:Hard transition, 1:grad transition, 2:slide, 3:video: [array([2, 2, 2])]
0:Transition, 1:slide, 2:video: [array([2, 2, 2])]
Results for pair: [1709 1714]
0:Hard transition, 1:grad transition, 2:slide, 3:video: [array([3, 3, 2])]
0:Transition, 1:slide, 2:video: [array([2, 2, 2])]
Results for pair: [1743 1744]
0:Hard transition, 1:grad transition, 2:slide, 3:video: [array([2])]
0:Transition, 1:slide, 2:video: [array([2])]
Results for pair: [1753 1754]
0:Hard transition, 1:grad transition, 2:slide, 3:video: [array([2])]
0:Transition, 1:slide, 2:video: [array([2])]
Results for pair: [2265 2266]
0:Hard transition, 1:grad transition, 2:slide, 3:video: [array([2])]
0:Transition, 1:slide, 2:video: [array([2])]
Results for pair: [2409 2410]
0:Hard transition, 1:grad transition, 2:slide, 3:video: [array([2])]
0:Transition, 1:slide, 2:video: [array([2])]
Results for pair: [2425 2427]
0:Hard transition, 1:grad transition, 2:slide, 3:video: [array([2, 2, 2])]
0:Transition, 1:slide, 2:video: [array([2, 2, 2])]
Results for pair: [2435 2438]
0:Hard transition, 1:grad transition, 2:slide, 3:video: [array([2, 3])]
0:Transition, 1:slide, 2:video: [array([2, 2])]
Results for pair: [2465 2479]
0:Hard transition, 1:grad transition, 2:slide, 3:video: [array([0, 0, 0, 0])]
0:Transition, 1:slide, 2:video: [array([2, 2, 2, 2])]
Results for pair: [2506 2508]
0:Hard transition, 1:grad transition, 2:slide, 3:video: [array([0, 0, 0])]
0:Transition, 1:slide, 2:video: [array([0, 0, 0])]
Results for pair: [2530 2531]
0:Hard transition, 1:grad transition, 2:slide, 3:video: [array([0])]
0:Transition, 1:slide, 2:video: [array([0])]
Results for pair: [2604 2606]
0:Hard transition, 1:grad transition, 2:slide, 3:video: [array([0, 0, 0])]
0:Transition, 1:slide, 2:video: [array([2, 2, 2])]
Results for pair: [2616 2617]
0:Hard transition, 1:grad transition, 2:slide, 3:video: [array([0])]
0:Transition, 1:slide, 2:video: [array([2])]
Results for pair: [2628 2632]
0:Hard transition, 1:grad transition, 2:slide, 3:video: [array([2, 0, 2])]
0:Transition, 1:slide, 2:video: [array([2, 2, 2])]
Results for pair: [2676 2679]
0:Hard transition, 1:grad transition, 2:slide, 3:video: [array([2, 2, 2])]
0:Transition, 1:slide, 2:video: [array([2, 2, 2])]
Results for pair: [2688 2690]
0:Hard transition, 1:grad transition, 2:slide, 3:video: [array([2, 2, 2])]
0:Transition, 1:slide, 2:video: [array([2, 2, 2])]
Results for pair: [2707 2708]
0:Hard transition, 1:grad transition, 2:slide, 3:video: [array([2])]
0:Transition, 1:slide, 2:video: [array([2])]
Results for pair: [2774 2775]
0:Hard transition, 1:grad transition, 2:slide, 3:video: [array([0])]
0:Transition, 1:slide, 2:video: [array([2])]
Results for pair: [2916 2917]
0:Hard transition, 1:grad transition, 2:slide, 3:video: [array([2])]
0:Transition, 1:slide, 2:video: [array([2])]
Results for pair: [2964 2969]
0:Hard transition, 1:grad transition, 2:slide, 3:video: [array([2, 2, 2])]
0:Transition, 1:slide, 2:video: [array([2, 2, 2])]
Results for pair: [3524 3526]
0:Hard transition, 1:grad transition, 2:slide, 3:video: [array([2, 2, 2])]
0:Transition, 1:slide, 2:video: [array([2, 2, 2])]
Results for pair: [3541 3543]
0:Hard transition, 1:grad transition, 2:slide, 3:video: [array([2, 2, 2])]
0:Transition, 1:slide, 2:video: [array([2, 2, 2])]
Results for pair: [3622 3623]
0:Hard transition, 1:grad transition, 2:slide, 3:video: [array([0])]
0:Transition, 1:slide, 2:video: [array([2])]
Results for pair: [3658 3662]
0:Hard transition, 1:grad transition, 2:slide, 3:video: [array([0, 0, 0])]
0:Transition, 1:slide, 2:video: [array([2, 2, 2])]
Results for pair: [3680 3681]
0:Hard transition, 1:grad transition, 2:slide, 3:video: [array([0])]
0:Transition, 1:slide, 2:video: [array([2])]
Results for pair: [3730 3731]
0:Hard transition, 1:grad transition, 2:slide, 3:video: [array([0])]
0:Transition, 1:slide, 2:video: [array([2])]
Results for pair: [3750 3751]
0:Hard transition, 1:grad transition, 2:slide, 3:video: [array([0])]
0:Transition, 1:slide, 2:video: [array([2])]
Results for pair: [3828 3829]
0:Hard transition, 1:grad transition, 2:slide, 3:video: [array([0])]
0:Transition, 1:slide, 2:video: [array([0])]
Results for pair: [3877 3878]
0:Hard transition, 1:grad transition, 2:slide, 3:video: [array([0])]
0:Transition, 1:slide, 2:video: [array([0])]
Results for pair: [3939 3954]
0:Hard transition, 1:grad transition, 2:slide, 3:video: [array([0, 0, 2, 2])]
0:Transition, 1:slide, 2:video: [array([1, 1, 1, 1])]
Results for pair: [3987 3995]
0:Hard transition, 1:grad transition, 2:slide, 3:video: [array([0, 0, 0])]
0:Transition, 1:slide, 2:video: [array([1, 1, 1])]
Results for pair: [4278 4279]
0:Hard transition, 1:grad transition, 2:slide, 3:video: [array([0])]
0:Transition, 1:slide, 2:video: [array([0])]
Results for pair: [4307 4308]
0:Hard transition, 1:grad transition, 2:slide, 3:video: [array([2])]
0:Transition, 1:slide, 2:video: [array([2])]
Results for pair: [4376 4378]
0:Hard transition, 1:grad transition, 2:slide, 3:video: [array([2, 2, 2])]
0:Transition, 1:slide, 2:video: [array([2, 2, 2])]
Results for pair: [4440 4457]
0:Hard transition, 1:grad transition, 2:slide, 3:video: [array([2, 2, 2, 2, 2])]
0:Transition, 1:slide, 2:video: [array([2, 2, 2, 2, 2])]
Results for pair: [4473 4474]
0:Hard transition, 1:grad transition, 2:slide, 3:video: [array([2])]
0:Transition, 1:slide, 2:video: [array([2])]
Results for pair: [4488 4489]
0:Hard transition, 1:grad transition, 2:slide, 3:video: [array([2])]
0:Transition, 1:slide, 2:video: [array([2])]
Results for pair: [4502 4504]
0:Hard transition, 1:grad transition, 2:slide, 3:video: [array([2, 2, 2])]
0:Transition, 1:slide, 2:video: [array([2, 2, 2])]
Results for pair: [4514 4522]
0:Hard transition, 1:grad transition, 2:slide, 3:video: [array([2, 2, 2])]
0:Transition, 1:slide, 2:video: [array([2, 2, 2])]
